TN:
SF:src\app\app.component.ts
FN:15,(anonymous_0)
FN:20,(anonymous_1)
FNF:2
FNH:2
FNDA:3,(anonymous_0)
FNDA:3,(anonymous_1)
DA:15,1
DA:16,3
DA:17,3
DA:21,3
DA:22,3
LF:5
LH:5
BRF:0
BRH:0
end_of_record
TN:
SF:src\app\nonce.service.ts
FN:15,(anonymous_0)
FN:19,(anonymous_1)
FN:21,(anonymous_2)
FN:25,(anonymous_3)
FNF:4
FNH:4
FNDA:464,(anonymous_0)
FNDA:464,(anonymous_1)
FNDA:4640,(anonymous_2)
FNDA:48,(anonymous_3)
DA:12,1
DA:16,464
DA:20,464
DA:21,4640
DA:26,48
LF:5
LH:5
BRF:0
BRH:0
end_of_record
TN:
SF:src\app\urlList.ts
FNF:0
FNH:0
DA:7,1
LF:1
LH:1
BRF:0
BRH:0
end_of_record
TN:
SF:src\app\Admin-Configuration\account-maping\account-maping.component.ts
FN:17,(anonymous_0)
FN:22,(anonymous_1)
FN:28,(anonymous_2)
FNF:3
FNH:3
FNDA:3,(anonymous_0)
FNDA:2,(anonymous_1)
FNDA:3,(anonymous_2)
DA:15,1
DA:16,3
DA:20,3
DA:23,2
DA:29,3
DA:30,3
LF:6
LH:6
BRF:0
BRH:0
end_of_record
TN:
SF:src\app\Admin-Configuration\accounts-configuration\accounts-configuration.component.ts
FN:35,(anonymous_0)
FN:98,(anonymous_1)
FN:103,(anonymous_2)
FN:116,(anonymous_3)
FN:118,(anonymous_4)
FN:142,(anonymous_5)
FN:159,(anonymous_6)
FN:173,(anonymous_7)
FN:188,(anonymous_8)
FN:199,(anonymous_9)
FN:229,(anonymous_10)
FN:236,(anonymous_11)
FN:243,(anonymous_12)
FN:246,(anonymous_13)
FN:255,(anonymous_14)
FN:277,(anonymous_15)
FN:279,(anonymous_16)
FN:292,(anonymous_17)
FN:298,(anonymous_18)
FN:316,(anonymous_19)
FN:333,(anonymous_20)
FN:340,(anonymous_21)
FN:356,(anonymous_22)
FN:363,(anonymous_23)
FN:380,(anonymous_24)
FN:387,(anonymous_25)
FN:406,(anonymous_26)
FN:413,(anonymous_27)
FN:431,(anonymous_28)
FN:443,(anonymous_29)
FN:460,(anonymous_30)
FN:470,(anonymous_31)
FN:496,(anonymous_32)
FN:510,(anonymous_33)
FN:514,(anonymous_34)
FN:527,(anonymous_35)
FN:531,(anonymous_36)
FN:536,(anonymous_37)
FN:545,(anonymous_38)
FN:547,(anonymous_39)
FN:550,(anonymous_40)
FN:580,(anonymous_41)
FN:585,(anonymous_42)
FN:595,(anonymous_43)
FN:604,(anonymous_44)
FN:606,(anonymous_45)
FN:619,(anonymous_46)
FN:631,(anonymous_47)
FN:654,(anonymous_48)
FN:684,(anonymous_49)
FN:686,(anonymous_50)
FN:704,(anonymous_51)
FN:713,(anonymous_52)
FN:723,(anonymous_53)
FNF:54
FNH:54
FNDA:48,(anonymous_0)
FNDA:2,(anonymous_1)
FNDA:1,(anonymous_2)
FNDA:5,(anonymous_3)
FNDA:2,(anonymous_4)
FNDA:3,(anonymous_5)
FNDA:48,(anonymous_6)
FNDA:50,(anonymous_7)
FNDA:49,(anonymous_8)
FNDA:48,(anonymous_9)
FNDA:1,(anonymous_10)
FNDA:1,(anonymous_11)
FNDA:52,(anonymous_12)
FNDA:48,(anonymous_13)
FNDA:1,(anonymous_14)
FNDA:50,(anonymous_15)
FNDA:49,(anonymous_16)
FNDA:3,(anonymous_17)
FNDA:1,(anonymous_18)
FNDA:1,(anonymous_19)
FNDA:1,(anonymous_20)
FNDA:1,(anonymous_21)
FNDA:1,(anonymous_22)
FNDA:1,(anonymous_23)
FNDA:1,(anonymous_24)
FNDA:1,(anonymous_25)
FNDA:1,(anonymous_26)
FNDA:1,(anonymous_27)
FNDA:1,(anonymous_28)
FNDA:48,(anonymous_29)
FNDA:48,(anonymous_30)
FNDA:2,(anonymous_31)
FNDA:2,(anonymous_32)
FNDA:1,(anonymous_33)
FNDA:2,(anonymous_34)
FNDA:3,(anonymous_35)
FNDA:1,(anonymous_36)
FNDA:1,(anonymous_37)
FNDA:50,(anonymous_38)
FNDA:49,(anonymous_39)
FNDA:1,(anonymous_40)
FNDA:2,(anonymous_41)
FNDA:2,(anonymous_42)
FNDA:2,(anonymous_43)
FNDA:1,(anonymous_44)
FNDA:2,(anonymous_45)
FNDA:4,(anonymous_46)
FNDA:2,(anonymous_47)
FNDA:2,(anonymous_48)
FNDA:3,(anonymous_49)
FNDA:2,(anonymous_50)
FNDA:2,(anonymous_51)
FNDA:1,(anonymous_52)
FNDA:48,(anonymous_53)
DA:30,1
DA:31,48
DA:33,48
DA:35,48
DA:37,48
DA:39,48
DA:44,48
DA:45,48
DA:49,48
DA:51,48
DA:52,48
DA:53,48
DA:55,48
DA:56,48
DA:58,48
DA:59,48
DA:62,48
DA:63,48
DA:64,48
DA:66,48
DA:68,48
DA:69,48
DA:72,48
DA:73,48
DA:74,48
DA:75,48
DA:76,48
DA:77,48
DA:78,48
DA:79,48
DA:80,48
DA:81,48
DA:82,48
DA:83,48
DA:84,48
DA:85,48
DA:86,48
DA:87,48
DA:89,48
DA:90,48
DA:92,48
DA:93,48
DA:94,48
DA:95,48
DA:96,48
DA:99,2
DA:104,1
DA:105,1
DA:112,1
DA:117,5
DA:119,2
DA:120,2
DA:122,1
DA:123,1
DA:124,1
DA:128,1
DA:130,1
DA:131,1
DA:132,1
DA:133,1
DA:134,1
DA:140,2
DA:144,3
DA:146,3
DA:147,3
DA:148,3
DA:149,3
DA:150,3
DA:162,48
DA:164,48
DA:165,48
DA:166,48
DA:167,48
DA:168,48
DA:169,48
DA:174,50
DA:175,49
DA:176,49
DA:178,49
DA:179,49
DA:180,49
DA:183,0
DA:190,49
DA:191,49
DA:192,49
DA:193,49
DA:201,48
DA:202,48
DA:203,48
DA:204,48
DA:205,48
DA:206,48
DA:207,48
DA:208,48
DA:209,48
DA:210,48
DA:211,48
DA:212,48
DA:213,48
DA:214,48
DA:215,48
DA:216,48
DA:217,48
DA:218,48
DA:219,48
DA:220,48
DA:221,48
DA:222,48
DA:223,48
DA:224,48
DA:225,48
DA:230,1
DA:231,1
DA:232,1
DA:237,1
DA:238,1
DA:239,1
DA:244,52
DA:245,52
DA:248,48
DA:249,48
DA:250,48
DA:251,48
DA:257,1
DA:261,1
DA:262,1
DA:263,1
DA:275,48
DA:278,50
DA:280,49
DA:282,49
DA:283,49
DA:284,3
DA:285,3
DA:286,3
DA:289,3
DA:292,49
DA:293,49
DA:300,1
DA:302,1
DA:303,1
DA:304,1
DA:305,1
DA:317,1
DA:333,1
DA:334,1
DA:335,1
DA:341,1
DA:356,1
DA:357,1
DA:358,1
DA:364,1
DA:380,1
DA:381,1
DA:382,1
DA:388,1
DA:406,1
DA:407,1
DA:408,1
DA:414,1
DA:415,1
DA:431,1
DA:432,1
DA:433,1
DA:445,48
DA:462,48
DA:468,48
DA:471,2
DA:472,2
DA:473,2
DA:474,2
DA:475,2
DA:476,2
DA:477,4
DA:478,4
DA:481,2
DA:482,2
DA:483,1
DA:485,1
DA:488,2
DA:489,2
DA:491,2
DA:498,2
DA:499,2
DA:500,1
DA:502,1
DA:515,2
DA:516,1
DA:517,1
DA:519,1
DA:520,1
DA:528,3
DA:529,2
DA:530,2
DA:533,1
DA:534,1
DA:538,1
DA:546,50
DA:548,49
DA:549,49
DA:552,1
DA:554,1
DA:555,1
DA:556,1
DA:557,1
DA:572,48
DA:574,48
DA:575,48
DA:577,48
DA:581,2
DA:582,2
DA:583,2
DA:584,2
DA:585,1
DA:586,2
DA:587,2
DA:588,2
DA:589,2
DA:590,2
DA:592,2
DA:595,1
DA:596,2
DA:598,2
DA:605,1
DA:606,1
DA:607,2
DA:608,1
DA:609,1
DA:610,1
DA:612,1
DA:615,1
DA:620,4
DA:628,4
DA:632,2
DA:634,1
DA:635,1
DA:636,1
DA:637,1
DA:641,1
DA:642,1
DA:643,1
DA:644,1
DA:645,1
DA:652,2
DA:656,2
DA:657,2
DA:658,1
DA:659,1
DA:660,1
DA:661,1
DA:662,1
DA:663,1
DA:670,1
DA:671,1
DA:672,1
DA:673,1
DA:674,1
DA:685,3
DA:686,2
DA:687,2
DA:690,2
DA:691,2
DA:692,2
DA:694,1
DA:695,1
DA:696,1
DA:697,1
DA:705,2
DA:706,2
DA:707,2
DA:714,1
DA:715,1
DA:716,1
DA:717,1
DA:718,1
DA:719,1
DA:724,48
DA:725,48
LF:278
LH:277
BRDA:120,0,0,1
BRDA:120,0,1,1
BRDA:130,1,0,1
BRDA:147,2,0,3
BRDA:147,2,1,3
BRDA:147,2,2,2
BRDA:147,2,3,1
BRDA:174,3,0,49
BRDA:176,4,0,49
BRDA:190,5,0,49
BRDA:192,6,0,49
BRDA:262,7,0,1
BRDA:262,7,1,1
BRDA:262,7,2,1
BRDA:262,7,3,1
BRDA:303,8,0,1
BRDA:303,8,1,1
BRDA:303,8,2,1
BRDA:303,8,3,1
BRDA:477,9,0,4
BRDA:482,10,0,1
BRDA:499,11,0,1
BRDA:499,11,1,1
BRDA:515,12,0,1
BRDA:515,12,1,1
BRDA:528,13,0,2
BRDA:555,14,0,1
BRDA:555,14,1,1
BRDA:555,14,2,1
BRDA:555,14,3,1
BRDA:584,15,0,1
BRDA:584,15,1,1
BRDA:589,16,0,2
BRDA:607,17,0,1
BRDA:607,17,1,1
BRDA:632,18,0,1
BRDA:632,18,1,1
BRDA:641,19,0,1
BRDA:657,20,0,1
BRDA:657,20,1,1
BRDA:671,21,0,1
BRDA:671,21,1,1
BRDA:671,21,2,1
BRDA:671,21,3,1
BRDA:685,22,0,2
BRDA:685,22,1,1
BRF:46
BRH:46
end_of_record
TN:
SF:src\app\Admin-Configuration\accounts-configuration\accounts-configuration-modal-create-pm\accounts-configuration-modal-create-pm.component.ts
FN:20,(anonymous_0)
FN:38,(anonymous_1)
FN:42,(anonymous_2)
FN:50,(anonymous_3)
FN:56,(anonymous_4)
FNF:5
FNH:5
FNDA:5,(anonymous_0)
FNDA:1,(anonymous_1)
FNDA:6,(anonymous_2)
FNDA:2,(anonymous_3)
FNDA:5,(anonymous_4)
DA:18,1
DA:19,5
DA:20,5
DA:21,5
DA:37,5
DA:39,1
DA:44,6
DA:45,6
DA:48,5
DA:51,2
DA:57,5
DA:58,5
LF:12
LH:12
BRF:0
BRH:0
end_of_record
TN:
SF:src\app\Admin-Configuration\accounts-configuration\accounts-configuration-modal-fm\accounts-configuration-modal-fm.component.ts
FN:26,(anonymous_0)
FN:47,(anonymous_1)
FN:54,(anonymous_2)
FN:80,(anonymous_3)
FN:96,(anonymous_4)
FN:165,(anonymous_5)
FN:174,(anonymous_6)
FN:204,(anonymous_7)
FN:259,(anonymous_8)
FN:264,(anonymous_9)
FN:274,(anonymous_10)
FN:283,(anonymous_11)
FN:285,(anonymous_12)
FN:309,(anonymous_13)
FN:314,(anonymous_14)
FN:324,(anonymous_15)
FN:333,(anonymous_16)
FN:335,(anonymous_17)
FN:358,(anonymous_18)
FN:363,(anonymous_19)
FN:373,(anonymous_20)
FN:382,(anonymous_21)
FN:384,(anonymous_22)
FN:408,(anonymous_23)
FN:413,(anonymous_24)
FN:423,(anonymous_25)
FN:432,(anonymous_26)
FN:434,(anonymous_27)
FN:457,(anonymous_28)
FN:462,(anonymous_29)
FN:472,(anonymous_30)
FN:481,(anonymous_31)
FN:483,(anonymous_32)
FN:502,(anonymous_33)
FN:505,(anonymous_34)
FN:507,(anonymous_35)
FN:512,(anonymous_36)
FN:514,(anonymous_37)
FN:524,(anonymous_38)
FN:527,(anonymous_39)
FN:529,(anonymous_40)
FN:534,(anonymous_41)
FN:536,(anonymous_42)
FN:552,(anonymous_43)
FN:554,(anonymous_44)
FN:572,(anonymous_45)
FN:600,(anonymous_46)
FN:633,(anonymous_47)
FN:635,(anonymous_48)
FN:642,(anonymous_49)
FN:674,(anonymous_50)
FN:679,(anonymous_51)
FN:685,(anonymous_52)
FNF:53
FNH:46
FNDA:39,(anonymous_0)
FNDA:1,(anonymous_1)
FNDA:39,(anonymous_2)
FNDA:39,(anonymous_3)
FNDA:3,(anonymous_4)
FNDA:1,(anonymous_5)
FNDA:2,(anonymous_6)
FNDA:39,(anonymous_7)
FNDA:3,(anonymous_8)
FNDA:1,(anonymous_9)
FNDA:0,(anonymous_10)
FNDA:2,(anonymous_11)
FNDA:2,(anonymous_12)
FNDA:3,(anonymous_13)
FNDA:1,(anonymous_14)
FNDA:0,(anonymous_15)
FNDA:2,(anonymous_16)
FNDA:2,(anonymous_17)
FNDA:2,(anonymous_18)
FNDA:0,(anonymous_19)
FNDA:0,(anonymous_20)
FNDA:1,(anonymous_21)
FNDA:1,(anonymous_22)
FNDA:1,(anonymous_23)
FNDA:0,(anonymous_24)
FNDA:0,(anonymous_25)
FNDA:1,(anonymous_26)
FNDA:1,(anonymous_27)
FNDA:2,(anonymous_28)
FNDA:1,(anonymous_29)
FNDA:0,(anonymous_30)
FNDA:2,(anonymous_31)
FNDA:2,(anonymous_32)
FNDA:3,(anonymous_33)
FNDA:1,(anonymous_34)
FNDA:1,(anonymous_35)
FNDA:2,(anonymous_36)
FNDA:2,(anonymous_37)
FNDA:3,(anonymous_38)
FNDA:1,(anonymous_39)
FNDA:1,(anonymous_40)
FNDA:2,(anonymous_41)
FNDA:2,(anonymous_42)
FNDA:39,(anonymous_43)
FNDA:35,(anonymous_44)
FNDA:2,(anonymous_45)
FNDA:34,(anonymous_46)
FNDA:39,(anonymous_47)
FNDA:37,(anonymous_48)
FNDA:2,(anonymous_49)
FNDA:37,(anonymous_50)
FNDA:37,(anonymous_51)
FNDA:39,(anonymous_52)
DA:23,1
DA:24,39
DA:26,39
DA:27,39
DA:28,39
DA:31,39
DA:32,39
DA:34,39
DA:35,39
DA:36,39
DA:37,39
DA:38,39
DA:42,39
DA:43,39
DA:44,39
DA:48,1
DA:55,39
DA:60,39
DA:62,39
DA:63,39
DA:64,39
DA:65,39
DA:66,39
DA:68,39
DA:69,39
DA:70,39
DA:71,39
DA:72,39
DA:73,39
DA:74,39
DA:75,39
DA:76,39
DA:77,39
DA:82,39
DA:83,39
DA:84,39
DA:85,39
DA:86,39
DA:87,39
DA:88,39
DA:89,39
DA:90,39
DA:91,39
DA:97,3
DA:99,3
DA:100,3
DA:101,2
DA:102,2
DA:103,2
DA:107,3
DA:116,3
DA:121,3
DA:131,3
DA:136,3
DA:141,3
DA:157,3
DA:163,3
DA:164,3
DA:166,1
DA:167,1
DA:168,1
DA:175,2
DA:176,2
DA:177,1
DA:178,1
DA:179,1
DA:180,1
DA:181,1
DA:188,1
DA:189,1
DA:190,1
DA:191,1
DA:205,39
DA:238,39
DA:239,39
DA:240,39
DA:241,39
DA:251,39
DA:253,39
DA:254,39
DA:256,39
DA:260,3
DA:261,3
DA:262,3
DA:263,3
DA:264,2
DA:265,1
DA:266,1
DA:267,1
DA:268,1
DA:269,1
DA:271,1
DA:274,1
DA:275,0
DA:277,0
DA:284,2
DA:285,2
DA:286,2
DA:287,1
DA:288,1
DA:289,1
DA:291,1
DA:294,2
DA:303,39
DA:304,39
DA:306,39
DA:310,3
DA:311,3
DA:312,3
DA:313,3
DA:314,2
DA:315,1
DA:316,1
DA:317,1
DA:318,1
DA:319,1
DA:321,1
DA:324,1
DA:325,0
DA:327,0
DA:334,2
DA:335,2
DA:336,2
DA:337,1
DA:338,1
DA:339,1
DA:341,1
DA:344,2
DA:352,39
DA:353,39
DA:355,39
DA:359,2
DA:360,2
DA:361,2
DA:362,2
DA:363,1
DA:364,0
DA:365,0
DA:366,0
DA:367,0
DA:368,0
DA:370,0
DA:373,1
DA:374,0
DA:376,0
DA:383,1
DA:384,1
DA:385,1
DA:386,0
DA:387,0
DA:388,0
DA:390,1
DA:393,1
DA:402,39
DA:403,39
DA:405,39
DA:409,1
DA:410,1
DA:411,1
DA:412,1
DA:413,1
DA:414,0
DA:415,0
DA:416,0
DA:417,0
DA:418,0
DA:420,0
DA:423,0
DA:424,0
DA:426,0
DA:433,1
DA:434,1
DA:435,1
DA:436,1
DA:437,1
DA:438,1
DA:440,0
DA:443,1
DA:451,39
DA:452,39
DA:454,39
DA:458,2
DA:459,2
DA:460,2
DA:461,2
DA:462,1
DA:463,1
DA:464,1
DA:465,1
DA:466,1
DA:467,1
DA:469,1
DA:472,1
DA:473,0
DA:475,0
DA:482,2
DA:483,2
DA:484,2
DA:485,1
DA:486,1
DA:487,1
DA:489,1
DA:492,2
DA:498,39
DA:499,39
DA:503,3
DA:504,3
DA:505,2
DA:507,1
DA:513,2
DA:514,2
DA:515,2
DA:516,2
DA:517,2
DA:520,2
DA:525,3
DA:526,3
DA:527,1
DA:529,2
DA:535,2
DA:536,2
DA:537,2
DA:538,1
DA:539,1
DA:542,2
DA:548,39
DA:549,39
DA:553,39
DA:555,35
DA:556,35
DA:557,1
DA:558,1
DA:559,1
DA:560,1
DA:566,34
DA:568,34
DA:569,34
DA:573,2
DA:574,2
DA:575,1
DA:576,1
DA:577,1
DA:578,1
DA:579,1
DA:585,1
DA:586,1
DA:588,1
DA:589,1
DA:601,34
DA:602,34
DA:603,34
DA:604,34
DA:605,34
DA:606,34
DA:607,34
DA:608,34
DA:609,34
DA:610,34
DA:611,34
DA:612,34
DA:613,34
DA:614,34
DA:615,34
DA:616,34
DA:617,34
DA:618,34
DA:619,34
DA:620,34
DA:623,34
DA:625,34
DA:626,34
DA:627,34
DA:634,39
DA:636,37
DA:644,2
DA:645,2
DA:648,1
DA:649,1
DA:650,1
DA:652,1
DA:653,1
DA:660,1
DA:661,1
DA:662,1
DA:663,1
DA:673,39
DA:675,37
DA:678,39
DA:680,37
DA:686,39
DA:687,39
LF:291
LH:264
BRDA:100,0,0,2
BRDA:102,1,0,2
BRDA:176,2,0,1
BRDA:176,2,1,1
BRDA:263,3,0,2
BRDA:263,3,1,1
BRDA:268,4,0,1
BRDA:286,5,0,1
BRDA:286,5,1,1
BRDA:313,6,0,2
BRDA:313,6,1,1
BRDA:318,7,0,1
BRDA:336,8,0,1
BRDA:336,8,1,1
BRDA:362,9,0,1
BRDA:362,9,1,1
BRDA:367,10,0,0
BRDA:385,11,0,0
BRDA:385,11,1,1
BRDA:412,12,0,1
BRDA:412,12,1,0
BRDA:417,13,0,0
BRDA:435,14,0,1
BRDA:435,14,1,0
BRDA:461,15,0,1
BRDA:461,15,1,1
BRDA:466,16,0,1
BRDA:484,17,0,1
BRDA:484,17,1,1
BRDA:504,18,0,2
BRDA:504,18,1,1
BRDA:515,19,0,2
BRDA:526,20,0,1
BRDA:526,20,1,2
BRDA:537,21,0,1
BRDA:556,22,0,1
BRDA:556,22,1,34
BRDA:574,23,0,1
BRDA:574,23,1,1
BRDA:645,24,0,1
BRDA:645,24,1,1
BRF:41
BRH:36
end_of_record
TN:
SF:src\app\Admin-Configuration\accounts-configuration\accounts-configuration-modal-privacy\accounts-configuration-modal-privacy.component.ts
FN:26,(anonymous_0)
FN:37,(anonymous_1)
FN:73,(anonymous_2)
FN:89,(anonymous_3)
FN:94,(anonymous_4)
FN:104,(anonymous_5)
FN:112,(anonymous_6)
FN:114,(anonymous_7)
FN:127,(anonymous_8)
FN:144,(anonymous_9)
FN:159,(anonymous_10)
FN:176,(anonymous_11)
FN:186,(anonymous_12)
FN:194,(anonymous_13)
FN:222,(anonymous_14)
FN:227,(anonymous_15)
FN:246,(anonymous_16)
FN:262,(anonymous_17)
FN:267,(anonymous_18)
FN:284,(anonymous_19)
FN:315,(anonymous_20)
FN:317,(anonymous_21)
FN:320,(anonymous_22)
FN:350,getDifference
FN:351,(anonymous_24)
FN:352,(anonymous_25)
FN:362,(anonymous_26)
FN:363,(anonymous_27)
FN:364,(anonymous_28)
FN:372,(anonymous_29)
FN:379,(anonymous_30)
FN:392,(anonymous_31)
FN:415,(anonymous_32)
FN:450,(anonymous_33)
FN:462,(anonymous_34)
FN:481,(anonymous_35)
FN:513,(anonymous_36)
FN:519,(anonymous_37)
FN:527,(anonymous_38)
FNF:39
FNH:26
FNDA:68,(anonymous_0)
FNDA:4,(anonymous_1)
FNDA:1,(anonymous_2)
FNDA:3,(anonymous_3)
FNDA:3,(anonymous_4)
FNDA:2,(anonymous_5)
FNDA:3,(anonymous_6)
FNDA:3,(anonymous_7)
FNDA:66,(anonymous_8)
FNDA:68,(anonymous_9)
FNDA:68,(anonymous_10)
FNDA:67,(anonymous_11)
FNDA:2,(anonymous_12)
FNDA:0,(anonymous_13)
FNDA:73,(anonymous_14)
FNDA:0,(anonymous_15)
FNDA:66,(anonymous_16)
FNDA:5,(anonymous_17)
FNDA:0,(anonymous_18)
FNDA:0,(anonymous_19)
FNDA:3,(anonymous_20)
FNDA:0,(anonymous_21)
FNDA:0,(anonymous_22)
FNDA:0,getDifference
FNDA:0,(anonymous_24)
FNDA:0,(anonymous_25)
FNDA:3,(anonymous_26)
FNDA:7,(anonymous_27)
FNDA:6,(anonymous_28)
FNDA:71,(anonymous_29)
FNDA:6,(anonymous_30)
FNDA:0,(anonymous_31)
FNDA:0,(anonymous_32)
FNDA:6,(anonymous_33)
FNDA:0,(anonymous_34)
FNDA:0,(anonymous_35)
FNDA:2,(anonymous_36)
FNDA:3,(anonymous_37)
FNDA:66,(anonymous_38)
DA:24,1
DA:25,68
DA:26,68
DA:27,68
DA:28,68
DA:29,68
DA:38,4
DA:39,2
DA:40,2
DA:42,2
DA:43,2
DA:48,68
DA:50,68
DA:51,68
DA:52,68
DA:54,68
DA:55,68
DA:56,68
DA:57,68
DA:58,68
DA:62,68
DA:63,68
DA:64,68
DA:65,68
DA:68,68
DA:71,68
DA:72,68
DA:74,1
DA:83,68
DA:84,68
DA:86,68
DA:90,3
DA:91,3
DA:92,3
DA:93,3
DA:94,2
DA:95,3
DA:96,3
DA:97,3
DA:98,3
DA:99,1
DA:101,3
DA:104,1
DA:105,2
DA:107,2
DA:113,3
DA:114,3
DA:115,3
DA:116,1
DA:117,1
DA:118,1
DA:120,2
DA:123,3
DA:128,66
DA:129,66
DA:131,66
DA:133,66
DA:134,66
DA:135,66
DA:136,66
DA:139,66
DA:145,68
DA:146,3
DA:147,3
DA:149,3
DA:150,3
DA:151,3
DA:154,0
DA:161,68
DA:162,67
DA:163,67
DA:164,67
DA:168,68
DA:169,68
DA:170,68
DA:171,68
DA:172,68
DA:173,68
DA:177,67
DA:178,67
DA:179,67
DA:180,67
DA:181,67
DA:182,67
DA:193,2
DA:195,0
DA:197,0
DA:198,0
DA:199,0
DA:200,0
DA:204,0
DA:206,0
DA:207,0
DA:208,0
DA:209,0
DA:219,68
DA:223,73
DA:226,73
DA:228,0
DA:231,0
DA:232,0
DA:233,0
DA:234,0
DA:240,0
DA:241,0
DA:242,0
DA:243,0
DA:247,66
DA:248,66
DA:249,66
DA:250,66
DA:251,66
DA:260,68
DA:263,5
DA:264,5
DA:266,5
DA:268,0
DA:269,0
DA:270,0
DA:271,0
DA:275,0
DA:276,0
DA:277,0
DA:278,0
DA:285,0
DA:286,0
DA:287,0
DA:288,0
DA:289,0
DA:290,0
DA:291,0
DA:292,0
DA:298,0
DA:299,0
DA:300,0
DA:301,0
DA:302,0
DA:314,68
DA:316,3
DA:318,0
DA:322,0
DA:323,0
DA:324,0
DA:325,0
DA:326,0
DA:327,0
DA:329,0
DA:330,0
DA:336,0
DA:338,0
DA:339,0
DA:341,0
DA:342,0
DA:351,0
DA:352,0
DA:353,0
DA:363,3
DA:364,7
DA:365,6
DA:373,71
DA:380,6
DA:381,6
DA:382,6
DA:383,6
DA:384,6
DA:385,6
DA:386,6
DA:391,6
DA:393,0
DA:394,0
DA:395,0
DA:396,0
DA:397,0
DA:398,0
DA:402,0
DA:403,0
DA:404,0
DA:405,0
DA:406,0
DA:407,0
DA:413,0
DA:417,0
DA:418,0
DA:420,0
DA:421,0
DA:422,0
DA:423,0
DA:424,0
DA:425,0
DA:426,0
DA:433,0
DA:435,0
DA:436,0
DA:437,0
DA:438,0
DA:439,0
DA:452,6
DA:461,6
DA:463,0
DA:464,0
DA:465,0
DA:466,0
DA:467,0
DA:470,0
DA:471,0
DA:472,0
DA:473,0
DA:474,0
DA:479,0
DA:483,0
DA:484,0
DA:485,0
DA:486,0
DA:487,0
DA:488,0
DA:489,0
DA:490,0
DA:491,0
DA:498,0
DA:499,0
DA:500,0
DA:501,0
DA:502,0
DA:514,2
DA:515,2
DA:520,3
DA:521,3
DA:522,3
DA:528,66
DA:529,66
LF:230
LH:119
BRDA:38,0,0,2
BRDA:38,0,1,2
BRDA:93,1,0,2
BRDA:93,1,1,1
BRDA:98,2,0,1
BRDA:115,3,0,1
BRDA:115,3,1,2
BRDA:145,4,0,3
BRDA:147,5,0,3
BRDA:161,6,0,67
BRDA:163,7,0,67
BRDA:195,8,0,0
BRDA:195,8,1,0
BRDA:204,9,0,0
BRDA:231,10,0,0
BRDA:231,10,1,0
BRDA:231,11,0,0
BRDA:231,11,1,0
BRDA:249,12,0,66
BRDA:249,12,1,0
BRDA:249,12,2,0
BRDA:249,12,3,66
BRDA:268,13,0,0
BRDA:268,13,1,0
BRDA:275,14,0,0
BRDA:286,15,0,0
BRDA:286,15,1,0
BRDA:323,16,0,0
BRDA:323,16,1,0
BRDA:394,17,0,0
BRDA:394,17,1,0
BRDA:403,18,0,0
BRDA:418,19,0,0
BRDA:418,19,1,0
BRDA:463,20,0,0
BRDA:463,20,1,0
BRDA:470,21,0,0
BRDA:484,22,0,0
BRDA:484,22,1,0
BRF:39
BRH:13
end_of_record
TN:
SF:src\app\Admin-Configuration\accounts-configuration\accounts-configuration-modal-safety\accounts-configuration-modal-safety.component.ts
FN:22,(anonymous_0)
FN:53,(anonymous_1)
FN:58,(anonymous_2)
FN:73,(anonymous_3)
FN:88,(anonymous_4)
FN:101,(anonymous_5)
FN:107,(anonymous_6)
FN:114,(anonymous_7)
FN:126,(anonymous_8)
FN:137,(anonymous_9)
FN:147,(anonymous_10)
FN:161,(anonymous_11)
FN:194,(anonymous_12)
FN:202,(anonymous_13)
FN:207,(anonymous_14)
FN:233,(anonymous_15)
FN:247,(anonymous_16)
FNF:17
FNH:12
FNDA:30,(anonymous_0)
FNDA:1,(anonymous_1)
FNDA:29,(anonymous_2)
FNDA:31,(anonymous_3)
FNDA:31,(anonymous_4)
FNDA:30,(anonymous_5)
FNDA:0,(anonymous_6)
FNDA:0,(anonymous_7)
FNDA:30,(anonymous_8)
FNDA:7,(anonymous_9)
FNDA:0,(anonymous_10)
FNDA:0,(anonymous_11)
FNDA:1,(anonymous_12)
FNDA:39,(anonymous_13)
FNDA:0,(anonymous_14)
FNDA:29,(anonymous_15)
FNDA:29,(anonymous_16)
DA:20,1
DA:21,30
DA:22,30
DA:23,30
DA:25,30
DA:34,30
DA:35,30
DA:36,30
DA:38,30
DA:39,30
DA:40,30
DA:41,30
DA:42,30
DA:52,30
DA:54,1
DA:61,29
DA:63,29
DA:64,29
DA:65,29
DA:67,29
DA:74,31
DA:75,4
DA:76,4
DA:78,4
DA:79,4
DA:80,4
DA:83,0
DA:90,31
DA:91,30
DA:92,30
DA:93,30
DA:97,30
DA:98,30
DA:99,30
DA:102,30
DA:103,30
DA:104,30
DA:115,0
DA:127,30
DA:140,7
DA:141,7
DA:146,7
DA:149,0
DA:151,0
DA:152,0
DA:153,0
DA:163,0
DA:164,0
DA:167,0
DA:168,0
DA:169,0
DA:170,0
DA:171,0
DA:180,0
DA:181,0
DA:182,0
DA:183,0
DA:195,1
DA:199,30
DA:200,30
DA:203,39
DA:206,39
DA:208,0
DA:209,0
DA:211,0
DA:212,0
DA:213,0
DA:219,0
DA:221,0
DA:222,0
DA:223,0
DA:230,0
DA:234,29
DA:235,29
DA:236,29
DA:237,29
DA:238,29
DA:248,29
DA:249,29
LF:79
LH:52
BRDA:74,0,0,4
BRDA:76,1,0,4
BRDA:90,2,0,30
BRDA:92,3,0,30
BRDA:164,4,0,0
BRDA:164,4,1,0
BRDA:211,5,0,0
BRDA:211,5,1,0
BRDA:211,6,0,0
BRDA:211,6,1,0
BRDA:211,6,2,0
BRDA:236,7,0,29
BRDA:236,7,1,0
BRDA:236,7,2,0
BRDA:236,7,3,29
BRF:15
BRH:6
end_of_record
TN:
SF:src\app\Admin-Configuration\accounts-configuration\admin-template-update\admin-template-update.ts
FN:26,(anonymous_0)
FN:31,(anonymous_1)
FN:83,(anonymous_2)
FN:88,(anonymous_3)
FN:98,(anonymous_4)
FN:107,(anonymous_5)
FN:109,(anonymous_6)
FN:122,(anonymous_7)
FN:127,(anonymous_8)
FN:137,(anonymous_9)
FN:146,(anonymous_10)
FN:148,(anonymous_11)
FN:162,(anonymous_12)
FN:167,(anonymous_13)
FN:177,(anonymous_14)
FN:186,(anonymous_15)
FN:188,(anonymous_16)
FN:201,(anonymous_17)
FN:215,(anonymous_18)
FN:221,(anonymous_19)
FN:231,(anonymous_20)
FN:243,(anonymous_21)
FN:247,(anonymous_22)
FN:262,(anonymous_23)
FN:278,(anonymous_24)
FN:288,(anonymous_25)
FN:293,(anonymous_26)
FN:310,(anonymous_27)
FN:342,(anonymous_28)
FN:352,(anonymous_29)
FN:368,(anonymous_30)
FN:369,(anonymous_31)
FN:370,(anonymous_32)
FN:371,(anonymous_33)
FN:376,(anonymous_34)
FN:377,(anonymous_35)
FN:382,(anonymous_36)
FN:383,(anonymous_37)
FN:384,(anonymous_38)
FN:385,(anonymous_39)
FN:403,(anonymous_40)
FN:435,(anonymous_41)
FN:445,(anonymous_42)
FN:449,(anonymous_43)
FN:455,(anonymous_44)
FN:465,(anonymous_45)
FN:473,(anonymous_46)
FN:474,(anonymous_47)
FN:477,(anonymous_48)
FN:478,(anonymous_49)
FN:527,(anonymous_50)
FN:531,(anonymous_51)
FN:535,(anonymous_52)
FN:539,(anonymous_53)
FN:543,(anonymous_54)
FN:547,(anonymous_55)
FN:551,(anonymous_56)
FN:555,(anonymous_57)
FN:559,(anonymous_58)
FN:563,(anonymous_59)
FN:568,(anonymous_60)
FN:571,(anonymous_61)
FN:581,(anonymous_62)
FN:588,(anonymous_63)
FN:592,(anonymous_64)
FN:596,(anonymous_65)
FN:600,(anonymous_66)
FN:604,(anonymous_67)
FN:608,(anonymous_68)
FN:612,(anonymous_69)
FN:616,(anonymous_70)
FN:620,(anonymous_71)
FN:624,(anonymous_72)
FN:629,(anonymous_73)
FN:631,(anonymous_74)
FN:644,(anonymous_75)
FN:676,(anonymous_76)
FN:727,(anonymous_77)
FN:747,(anonymous_78)
FN:830,(anonymous_79)
FN:844,(anonymous_80)
FN:865,(anonymous_81)
FN:884,(anonymous_82)
FN:898,(anonymous_83)
FN:920,(anonymous_84)
FN:939,(anonymous_85)
FN:956,(anonymous_86)
FN:965,(anonymous_87)
FN:985,(anonymous_88)
FN:1011,(anonymous_89)
FN:1022,(anonymous_90)
FNF:91
FNH:77
FNDA:195,(anonymous_0)
FNDA:1,(anonymous_1)
FNDA:4,(anonymous_2)
FNDA:6,(anonymous_3)
FNDA:2,(anonymous_4)
FNDA:4,(anonymous_5)
FNDA:10,(anonymous_6)
FNDA:4,(anonymous_7)
FNDA:3,(anonymous_8)
FNDA:5,(anonymous_9)
FNDA:3,(anonymous_10)
FNDA:6,(anonymous_11)
FNDA:10,(anonymous_12)
FNDA:21,(anonymous_13)
FNDA:9,(anonymous_14)
FNDA:7,(anonymous_15)
FNDA:21,(anonymous_16)
FNDA:10,(anonymous_17)
FNDA:10,(anonymous_18)
FNDA:3,(anonymous_19)
FNDA:5,(anonymous_20)
FNDA:14,(anonymous_21)
FNDA:9,(anonymous_22)
FNDA:4,(anonymous_23)
FNDA:195,(anonymous_24)
FNDA:0,(anonymous_25)
FNDA:195,(anonymous_26)
FNDA:195,(anonymous_27)
FNDA:208,(anonymous_28)
FNDA:9,(anonymous_29)
FNDA:22,(anonymous_30)
FNDA:22,(anonymous_31)
FNDA:10,(anonymous_32)
FNDA:12,(anonymous_33)
FNDA:10,(anonymous_34)
FNDA:10,(anonymous_35)
FNDA:12,(anonymous_36)
FNDA:12,(anonymous_37)
FNDA:12,(anonymous_38)
FNDA:12,(anonymous_39)
FNDA:3,(anonymous_40)
FNDA:0,(anonymous_41)
FNDA:0,(anonymous_42)
FNDA:0,(anonymous_43)
FNDA:0,(anonymous_44)
FNDA:0,(anonymous_45)
FNDA:0,(anonymous_46)
FNDA:0,(anonymous_47)
FNDA:0,(anonymous_48)
FNDA:0,(anonymous_49)
FNDA:3,(anonymous_50)
FNDA:1,(anonymous_51)
FNDA:2,(anonymous_52)
FNDA:1,(anonymous_53)
FNDA:2,(anonymous_54)
FNDA:1,(anonymous_55)
FNDA:1,(anonymous_56)
FNDA:1,(anonymous_57)
FNDA:2,(anonymous_58)
FNDA:1,(anonymous_59)
FNDA:15,(anonymous_60)
FNDA:15,(anonymous_61)
FNDA:7,(anonymous_62)
FNDA:3,(anonymous_63)
FNDA:2,(anonymous_64)
FNDA:2,(anonymous_65)
FNDA:1,(anonymous_66)
FNDA:2,(anonymous_67)
FNDA:1,(anonymous_68)
FNDA:2,(anonymous_69)
FNDA:1,(anonymous_70)
FNDA:2,(anonymous_71)
FNDA:1,(anonymous_72)
FNDA:17,(anonymous_73)
FNDA:29,(anonymous_74)
FNDA:2,(anonymous_75)
FNDA:15,(anonymous_76)
FNDA:2,(anonymous_77)
FNDA:15,(anonymous_78)
FNDA:195,(anonymous_79)
FNDA:0,(anonymous_80)
FNDA:0,(anonymous_81)
FNDA:212,(anonymous_82)
FNDA:13,(anonymous_83)
FNDA:4,(anonymous_84)
FNDA:5,(anonymous_85)
FNDA:0,(anonymous_86)
FNDA:0,(anonymous_87)
FNDA:11,(anonymous_88)
FNDA:20,(anonymous_89)
FNDA:195,(anonymous_90)
DA:24,1
DA:25,195
DA:26,195
DA:27,195
DA:28,195
DA:32,1
DA:42,195
DA:48,195
DA:49,195
DA:51,195
DA:52,195
DA:54,195
DA:56,195
DA:57,195
DA:59,195
DA:60,195
DA:61,195
DA:62,195
DA:63,195
DA:64,195
DA:65,195
DA:66,195
DA:67,195
DA:68,195
DA:69,195
DA:70,195
DA:71,195
DA:72,195
DA:74,195
DA:75,195
DA:77,195
DA:78,195
DA:79,195
DA:80,195
DA:84,4
DA:85,4
DA:86,4
DA:87,4
DA:88,3
DA:89,6
DA:90,6
DA:91,6
DA:92,6
DA:93,1
DA:95,6
DA:98,1
DA:99,2
DA:101,2
DA:108,4
DA:109,4
DA:110,10
DA:111,3
DA:112,3
DA:113,3
DA:115,7
DA:118,4
DA:123,4
DA:124,4
DA:125,4
DA:126,4
DA:127,2
DA:128,3
DA:129,3
DA:130,3
DA:131,3
DA:132,1
DA:134,3
DA:137,2
DA:138,5
DA:140,5
DA:147,3
DA:148,3
DA:149,6
DA:150,2
DA:151,2
DA:152,2
DA:154,4
DA:157,3
DA:163,10
DA:164,10
DA:165,10
DA:166,10
DA:167,7
DA:168,21
DA:169,21
DA:170,21
DA:171,21
DA:172,3
DA:174,21
DA:177,3
DA:178,9
DA:180,9
DA:187,7
DA:188,7
DA:189,21
DA:190,7
DA:191,7
DA:192,7
DA:194,14
DA:197,7
DA:202,10
DA:210,10
DA:211,10
DA:216,10
DA:220,10
DA:222,3
DA:224,3
DA:225,3
DA:226,3
DA:227,3
DA:233,5
DA:234,5
DA:235,5
DA:236,5
DA:246,14
DA:249,9
DA:250,9
DA:251,9
DA:252,9
DA:253,16
DA:257,9
DA:258,9
DA:259,9
DA:260,9
DA:264,4
DA:265,4
DA:266,4
DA:267,4
DA:279,195
DA:280,195
DA:281,195
DA:282,195
DA:283,195
DA:284,195
DA:294,195
DA:297,195
DA:299,195
DA:301,195
DA:303,195
DA:304,195
DA:305,195
DA:313,195
DA:320,195
DA:325,195
DA:326,195
DA:327,195
DA:328,195
DA:329,195
DA:330,195
DA:332,195
DA:333,195
DA:334,195
DA:335,195
DA:336,195
DA:340,195
DA:343,208
DA:344,208
DA:347,208
DA:351,208
DA:353,9
DA:354,9
DA:355,2
DA:356,2
DA:361,7
DA:368,22
DA:369,22
DA:370,10
DA:371,12
DA:372,7
DA:373,7
DA:376,10
DA:377,10
DA:378,7
DA:379,7
DA:382,12
DA:383,12
DA:384,12
DA:385,12
DA:387,7
DA:388,7
DA:389,7
DA:390,7
DA:394,7
DA:400,7
DA:405,3
DA:406,3
DA:407,3
DA:408,3
DA:416,195
DA:417,195
DA:419,195
DA:420,195
DA:422,195
DA:423,195
DA:424,195
DA:425,195
DA:426,195
DA:428,195
DA:429,195
DA:430,195
DA:432,195
DA:433,195
DA:436,0
DA:437,0
DA:439,0
DA:441,0
DA:442,0
DA:453,195
DA:456,0
DA:457,0
DA:459,0
DA:463,195
DA:466,0
DA:467,0
DA:469,0
DA:474,0
DA:475,0
DA:478,0
DA:479,0
DA:483,195
DA:484,195
DA:485,195
DA:486,195
DA:487,195
DA:488,195
DA:489,195
DA:490,195
DA:491,195
DA:492,195
DA:516,195
DA:517,195
DA:518,195
DA:519,195
DA:520,195
DA:521,195
DA:522,195
DA:523,195
DA:524,195
DA:525,195
DA:528,3
DA:532,1
DA:536,2
DA:540,1
DA:544,2
DA:548,1
DA:552,1
DA:556,1
DA:560,2
DA:564,1
DA:569,15
DA:570,15
DA:571,12
DA:572,15
DA:573,15
DA:574,15
DA:575,15
DA:576,1
DA:578,15
DA:581,3
DA:582,7
DA:583,7
DA:589,3
DA:593,2
DA:597,2
DA:601,1
DA:605,2
DA:609,1
DA:613,2
DA:617,1
DA:621,2
DA:625,1
DA:630,17
DA:631,17
DA:632,29
DA:633,6
DA:634,6
DA:635,6
DA:637,23
DA:640,17
DA:645,2
DA:646,2
DA:647,2
DA:648,2
DA:651,2
DA:652,2
DA:653,2
DA:654,2
DA:657,2
DA:678,15
DA:679,15
DA:680,15
DA:681,15
DA:684,15
DA:685,15
DA:686,15
DA:687,15
DA:691,15
DA:692,8
DA:694,8
DA:705,8
DA:706,7
DA:707,6
DA:709,6
DA:720,6
DA:722,1
DA:728,2
DA:729,2
DA:730,2
DA:731,2
DA:732,2
DA:733,2
DA:736,2
DA:737,2
DA:738,2
DA:739,2
DA:740,2
DA:741,2
DA:748,15
DA:749,15
DA:750,15
DA:751,15
DA:752,15
DA:753,15
DA:756,15
DA:757,15
DA:758,15
DA:759,15
DA:760,15
DA:761,15
DA:764,15
DA:765,12
DA:767,12
DA:778,12
DA:779,3
DA:780,0
DA:782,0
DA:793,0
DA:794,3
DA:795,0
DA:797,0
DA:808,0
DA:809,3
DA:810,0
DA:812,0
DA:823,0
DA:825,3
DA:831,195
DA:832,195
DA:834,195
DA:835,195
DA:839,195
DA:841,195
DA:846,0
DA:847,0
DA:848,0
DA:849,0
DA:850,0
DA:856,0
DA:857,0
DA:861,0
DA:871,0
DA:872,0
DA:873,0
DA:874,0
DA:885,212
DA:886,212
DA:888,212
DA:889,212
DA:893,212
DA:895,212
DA:900,13
DA:901,13
DA:902,13
DA:903,13
DA:904,17
DA:910,13
DA:911,13
DA:926,4
DA:927,4
DA:928,4
DA:929,4
DA:940,5
DA:941,5
DA:945,5
DA:955,5
DA:957,0
DA:958,0
DA:959,0
DA:960,0
DA:961,0
DA:967,0
DA:968,0
DA:969,0
DA:970,0
DA:986,11
DA:987,11
DA:989,3
DA:990,3
DA:992,1
DA:993,1
DA:995,1
DA:996,1
DA:998,1
DA:999,1
DA:1001,1
DA:1002,1
DA:1004,1
DA:1005,1
DA:1007,3
DA:1012,20
DA:1013,20
DA:1014,4
DA:1015,4
DA:1017,16
DA:1018,16
DA:1023,195
DA:1024,195
LF:417
LH:372
BRDA:87,0,0,3
BRDA:87,0,1,1
BRDA:92,1,0,1
BRDA:110,2,0,3
BRDA:110,2,1,7
BRDA:126,3,0,2
BRDA:126,3,1,2
BRDA:131,4,0,1
BRDA:149,5,0,2
BRDA:149,5,1,4
BRDA:166,6,0,7
BRDA:166,6,1,3
BRDA:171,7,0,3
BRDA:189,8,0,7
BRDA:189,8,1,14
BRDA:234,9,0,5
BRDA:234,9,1,5
BRDA:234,9,2,2
BRDA:234,9,3,1
BRDA:265,10,0,4
BRDA:265,10,1,4
BRDA:265,10,2,2
BRDA:265,10,3,1
BRDA:354,11,0,2
BRDA:354,11,1,7
BRDA:354,12,0,9
BRDA:354,12,1,8
BRDA:406,13,0,3
BRDA:406,13,1,3
BRDA:406,13,2,2
BRDA:406,13,3,1
BRDA:436,14,0,0
BRDA:436,14,1,0
BRDA:456,15,0,0
BRDA:456,15,1,0
BRDA:466,16,0,0
BRDA:466,16,1,0
BRDA:570,17,0,12
BRDA:570,17,1,3
BRDA:575,18,0,1
BRDA:632,19,0,6
BRDA:632,19,1,23
BRDA:691,20,0,8
BRDA:691,20,1,7
BRDA:706,21,0,6
BRDA:706,21,1,1
BRDA:764,22,0,12
BRDA:764,22,1,3
BRDA:779,23,0,0
BRDA:779,23,1,3
BRDA:794,24,0,0
BRDA:794,24,1,3
BRDA:809,25,0,0
BRDA:809,25,1,3
BRDA:872,26,0,0
BRDA:872,26,1,0
BRDA:872,26,2,0
BRDA:872,26,3,0
BRDA:927,27,0,4
BRDA:927,27,1,4
BRDA:927,27,2,2
BRDA:927,27,3,1
BRDA:968,28,0,0
BRDA:968,28,1,0
BRDA:968,28,2,0
BRDA:968,28,3,0
BRDA:987,29,0,3
BRDA:987,29,1,1
BRDA:987,29,2,1
BRDA:987,29,3,1
BRDA:987,29,4,1
BRDA:987,29,5,1
BRDA:987,29,6,3
BRDA:1013,30,0,4
BRDA:1013,30,1,16
BRF:75
BRH:58
end_of_record
TN:
SF:src\app\Admin-Configuration\accounts-configuration\privacy-parameters\privacy-parameters.component.ts
FN:25,(anonymous_0)
FN:50,(anonymous_1)
FN:55,(anonymous_2)
FN:65,(anonymous_3)
FN:74,(anonymous_4)
FN:76,(anonymous_5)
FN:89,(anonymous_6)
FN:102,(anonymous_7)
FN:104,(anonymous_8)
FN:129,(anonymous_9)
FN:146,(anonymous_10)
FN:148,(anonymous_11)
FN:151,(anonymous_12)
FN:169,(anonymous_13)
FN:184,(anonymous_14)
FNF:15
FNH:15
FNDA:32,(anonymous_0)
FNDA:2,(anonymous_1)
FNDA:2,(anonymous_2)
FNDA:2,(anonymous_3)
FNDA:2,(anonymous_4)
FNDA:4,(anonymous_5)
FNDA:2,(anonymous_6)
FNDA:6,(anonymous_7)
FNDA:3,(anonymous_8)
FNDA:3,(anonymous_9)
FNDA:6,(anonymous_10)
FNDA:3,(anonymous_11)
FNDA:3,(anonymous_12)
FNDA:3,(anonymous_13)
FNDA:5,(anonymous_14)
DA:20,1
DA:25,32
DA:30,32
DA:31,32
DA:33,32
DA:34,32
DA:35,32
DA:44,32
DA:45,32
DA:47,32
DA:51,2
DA:52,2
DA:53,2
DA:54,2
DA:55,1
DA:56,2
DA:57,2
DA:58,2
DA:59,2
DA:60,0
DA:62,2
DA:65,1
DA:66,2
DA:68,2
DA:75,2
DA:76,2
DA:77,4
DA:78,1
DA:79,1
DA:80,1
DA:82,3
DA:85,2
DA:91,2
DA:98,2
DA:103,6
DA:105,3
DA:106,3
DA:108,2
DA:109,2
DA:110,2
DA:116,1
DA:117,1
DA:119,1
DA:121,1
DA:131,3
DA:133,3
DA:134,3
DA:135,3
DA:137,3
DA:147,6
DA:149,3
DA:150,3
DA:153,3
DA:155,3
DA:156,3
DA:157,3
DA:158,3
DA:172,3
DA:174,3
DA:175,3
DA:178,3
DA:179,3
DA:185,5
DA:187,5
LF:64
LH:63
BRDA:54,0,0,1
BRDA:54,0,1,1
BRDA:59,1,0,0
BRDA:77,2,0,1
BRDA:77,2,1,3
BRDA:106,3,0,2
BRDA:106,3,1,1
BRDA:116,4,0,1
BRDA:134,5,0,3
BRDA:134,5,1,3
BRDA:134,5,2,2
BRDA:134,5,3,1
BRDA:156,6,0,3
BRDA:156,6,1,3
BRDA:156,6,2,2
BRDA:156,6,3,1
BRF:16
BRH:15
end_of_record
TN:
SF:src\app\Admin-Configuration\api-configuration\api-configuration.component.ts
FN:33,(anonymous_0)
FN:57,(anonymous_1)
FN:65,(anonymous_2)
FN:75,(anonymous_3)
FN:83,(anonymous_4)
FN:86,(anonymous_5)
FN:89,(anonymous_6)
FN:100,(anonymous_7)
FN:108,(anonymous_8)
FN:118,(anonymous_9)
FN:119,(anonymous_10)
FN:126,(anonymous_11)
FN:151,(anonymous_12)
FN:158,(anonymous_13)
FN:164,(anonymous_14)
FN:175,(anonymous_15)
FN:192,(anonymous_16)
FN:194,(anonymous_17)
FN:209,(anonymous_18)
FN:214,(anonymous_19)
FN:224,(anonymous_20)
FNF:21
FNH:21
FNDA:43,(anonymous_0)
FNDA:2,(anonymous_1)
FNDA:5,(anonymous_2)
FNDA:4,(anonymous_3)
FNDA:9,(anonymous_4)
FNDA:9,(anonymous_5)
FNDA:24,(anonymous_6)
FNDA:3,(anonymous_7)
FNDA:3,(anonymous_8)
FNDA:4,(anonymous_9)
FNDA:6,(anonymous_10)
FNDA:2,(anonymous_11)
FNDA:12,(anonymous_12)
FNDA:5,(anonymous_13)
FNDA:6,(anonymous_14)
FNDA:2,(anonymous_15)
FNDA:7,(anonymous_16)
FNDA:18,(anonymous_17)
FNDA:4,(anonymous_18)
FNDA:5,(anonymous_19)
FNDA:43,(anonymous_20)
DA:21,1
DA:22,43
DA:25,43
DA:27,43
DA:28,43
DA:33,43
DA:34,43
DA:39,43
DA:46,43
DA:48,43
DA:49,43
DA:50,43
DA:52,43
DA:53,43
DA:54,43
DA:55,43
DA:59,2
DA:60,2
DA:61,2
DA:67,5
DA:68,4
DA:69,4
DA:70,4
DA:76,4
DA:77,4
DA:78,4
DA:79,4
DA:84,9
DA:87,9
DA:88,9
DA:89,9
DA:90,24
DA:92,9
DA:93,9
DA:94,9
DA:101,3
DA:106,3
DA:109,3
DA:110,3
DA:111,3
DA:112,3
DA:113,3
DA:119,6
DA:120,4
DA:121,2
DA:124,2
DA:127,2
DA:128,2
DA:129,2
DA:130,2
DA:131,2
DA:139,2
DA:152,12
DA:153,12
DA:154,12
DA:159,5
DA:160,5
DA:165,6
DA:167,2
DA:173,2
DA:176,2
DA:177,2
DA:178,2
DA:186,4
DA:187,4
DA:193,7
DA:194,6
DA:195,18
DA:197,6
DA:198,6
DA:199,6
DA:201,1
DA:202,1
DA:203,1
DA:204,1
DA:210,4
DA:211,4
DA:212,4
DA:215,5
DA:216,5
DA:217,5
DA:218,5
DA:219,5
DA:220,5
DA:225,43
DA:226,43
LF:86
LH:86
BRDA:67,0,0,4
BRDA:69,1,0,4
BRDA:120,2,0,2
BRDA:120,2,1,2
BRDA:165,3,0,2
BRDA:165,3,1,4
BRDA:193,4,0,6
BRDA:193,4,1,1
BRF:8
BRH:8
end_of_record
TN:
SF:src\app\Admin-Configuration\application-configurations\application-configurations.component.ts
FN:23,(anonymous_0)
FN:42,(anonymous_1)
FN:48,(anonymous_2)
FN:69,(anonymous_3)
FN:73,(anonymous_4)
FN:97,(anonymous_5)
FN:124,(anonymous_6)
FN:129,(anonymous_7)
FN:150,(anonymous_8)
FN:177,(anonymous_9)
FN:186,(anonymous_10)
FN:192,(anonymous_11)
FN:218,(anonymous_12)
FNF:13
FNH:13
FNDA:28,(anonymous_0)
FNDA:10,(anonymous_1)
FNDA:7,(anonymous_2)
FNDA:5,(anonymous_3)
FNDA:2,(anonymous_4)
FNDA:3,(anonymous_5)
FNDA:8,(anonymous_6)
FNDA:5,(anonymous_7)
FNDA:3,(anonymous_8)
FNDA:10,(anonymous_9)
FNDA:4,(anonymous_10)
FNDA:3,(anonymous_11)
FNDA:28,(anonymous_12)
DA:20,1
DA:21,28
DA:23,28
DA:27,28
DA:28,28
DA:29,28
DA:30,28
DA:31,28
DA:38,28
DA:43,10
DA:44,10
DA:45,10
DA:47,10
DA:50,7
DA:51,6
DA:52,6
DA:53,6
DA:57,1
DA:58,1
DA:59,1
DA:60,1
DA:66,7
DA:68,7
DA:70,5
DA:71,5
DA:74,2
DA:75,2
DA:76,1
DA:77,1
DA:78,1
DA:79,1
DA:80,1
DA:85,1
DA:86,1
DA:87,1
DA:88,1
DA:98,3
DA:99,3
DA:100,1
DA:101,1
DA:102,1
DA:103,1
DA:104,1
DA:109,2
DA:110,2
DA:111,2
DA:112,2
DA:119,10
DA:125,8
DA:126,8
DA:127,8
DA:128,8
DA:131,5
DA:132,4
DA:133,4
DA:134,4
DA:138,1
DA:139,1
DA:140,1
DA:141,1
DA:152,3
DA:153,3
DA:154,1
DA:155,1
DA:156,1
DA:157,1
DA:158,1
DA:163,2
DA:164,2
DA:165,2
DA:166,2
DA:178,10
DA:179,10
DA:180,7
DA:181,7
DA:182,7
DA:183,7
DA:185,7
DA:187,4
DA:188,4
DA:193,3
DA:194,3
DA:195,1
DA:196,1
DA:197,1
DA:198,1
DA:199,1
DA:204,2
DA:205,2
DA:206,2
DA:207,2
DA:219,28
DA:220,28
LF:93
LH:93
BRDA:50,0,0,6
BRDA:50,0,1,1
BRDA:57,1,0,1
BRDA:75,2,0,1
BRDA:75,2,1,1
BRDA:86,3,0,1
BRDA:86,3,1,1
BRDA:86,3,2,0
BRDA:86,3,3,0
BRDA:99,4,0,1
BRDA:99,4,1,2
BRDA:110,5,0,2
BRDA:110,5,1,2
BRDA:110,5,2,2
BRDA:110,5,3,1
BRDA:131,6,0,4
BRDA:131,6,1,1
BRDA:138,7,0,1
BRDA:153,8,0,1
BRDA:153,8,1,2
BRDA:164,9,0,2
BRDA:164,9,1,2
BRDA:164,9,2,2
BRDA:164,9,3,1
BRDA:194,10,0,1
BRDA:194,10,1,2
BRDA:205,11,0,2
BRDA:205,11,1,2
BRDA:205,11,2,1
BRDA:205,11,3,1
BRF:30
BRH:28
end_of_record
TN:
SF:src\app\Admin-Configuration\configuration-parent\configuration-parent.component.ts
FN:20,(anonymous_0)
FN:25,(anonymous_1)
FN:29,(anonymous_2)
FN:30,(anonymous_3)
FN:35,(anonymous_4)
FN:39,(anonymous_5)
FNF:6
FNH:6
FNDA:30,(anonymous_0)
FNDA:11,(anonymous_1)
FNDA:11,(anonymous_2)
FNDA:7,(anonymous_3)
FNDA:34,(anonymous_4)
FNDA:8,(anonymous_5)
DA:16,1
DA:18,30
DA:20,30
DA:21,30
DA:22,30
DA:23,30
DA:26,11
DA:27,11
DA:30,11
DA:31,7
DA:36,34
DA:40,8
LF:12
LH:12
BRF:0
BRH:0
end_of_record
TN:
SF:src\app\Admin-Configuration\configuration-parent\shared.service.ts
FN:13,(anonymous_0)
FN:18,(anonymous_1)
FNF:2
FNH:1
FNDA:66,(anonymous_0)
FNDA:0,(anonymous_1)
DA:13,1
DA:14,66
DA:16,66
DA:19,0
LF:4
LH:3
BRF:0
BRH:0
end_of_record
TN:
SF:src\app\Admin-Configuration\custom-template\custom-template.component.ts
FN:83,(anonymous_0)
FN:99,(anonymous_1)
FN:122,(anonymous_2)
FN:134,(anonymous_3)
FN:135,(anonymous_4)
FN:139,(anonymous_5)
FN:167,(anonymous_6)
FN:184,(anonymous_7)
FN:192,(anonymous_8)
FN:197,(anonymous_9)
FN:270,(anonymous_10)
FN:280,(anonymous_11)
FN:299,(anonymous_12)
FN:309,(anonymous_13)
FN:330,(anonymous_14)
FN:340,(anonymous_15)
FN:357,(anonymous_16)
FN:359,(anonymous_17)
FN:361,(anonymous_18)
FN:384,(anonymous_19)
FN:400,(anonymous_20)
FN:422,(anonymous_21)
FN:434,(anonymous_22)
FN:457,(anonymous_23)
FN:477,(anonymous_24)
FN:486,(anonymous_25)
FN:506,(anonymous_26)
FN:526,(anonymous_27)
FN:534,(anonymous_28)
FN:541,(anonymous_29)
FN:545,(anonymous_30)
FN:556,(anonymous_31)
FN:563,(anonymous_32)
FN:575,(anonymous_33)
FN:592,(anonymous_34)
FN:610,(anonymous_35)
FN:618,(anonymous_36)
FN:630,(anonymous_37)
FN:635,(anonymous_38)
FN:639,(anonymous_39)
FN:644,(anonymous_40)
FN:650,(anonymous_41)
FN:655,(anonymous_42)
FN:682,(anonymous_43)
FN:688,(anonymous_44)
FN:701,(anonymous_45)
FN:706,(anonymous_46)
FNF:47
FNH:32
FNDA:66,(anonymous_0)
FNDA:93,(anonymous_1)
FNDA:0,(anonymous_2)
FNDA:2,(anonymous_3)
FNDA:5,(anonymous_4)
FNDA:3,(anonymous_5)
FNDA:3,(anonymous_6)
FNDA:3,(anonymous_7)
FNDA:0,(anonymous_8)
FNDA:2,(anonymous_9)
FNDA:0,(anonymous_10)
FNDA:0,(anonymous_11)
FNDA:1,(anonymous_12)
FNDA:0,(anonymous_13)
FNDA:4,(anonymous_14)
FNDA:5,(anonymous_15)
FNDA:3,(anonymous_16)
FNDA:1,(anonymous_17)
FNDA:2,(anonymous_18)
FNDA:1,(anonymous_19)
FNDA:2,(anonymous_20)
FNDA:1,(anonymous_21)
FNDA:1,(anonymous_22)
FNDA:1,(anonymous_23)
FNDA:0,(anonymous_24)
FNDA:2,(anonymous_25)
FNDA:0,(anonymous_26)
FNDA:0,(anonymous_27)
FNDA:1,(anonymous_28)
FNDA:3,(anonymous_29)
FNDA:6,(anonymous_30)
FNDA:1,(anonymous_31)
FNDA:4,(anonymous_32)
FNDA:3,(anonymous_33)
FNDA:1,(anonymous_34)
FNDA:0,(anonymous_35)
FNDA:0,(anonymous_36)
FNDA:0,(anonymous_37)
FNDA:0,(anonymous_38)
FNDA:2,(anonymous_39)
FNDA:2,(anonymous_40)
FNDA:0,(anonymous_41)
FNDA:6,(anonymous_42)
FNDA:4,(anonymous_43)
FNDA:0,(anonymous_44)
FNDA:3,(anonymous_45)
FNDA:0,(anonymous_46)
DA:26,1
DA:27,66
DA:28,66
DA:29,66
DA:30,66
DA:33,66
DA:34,66
DA:35,66
DA:36,66
DA:37,66
DA:38,66
DA:39,66
DA:40,66
DA:41,66
DA:42,66
DA:43,66
DA:44,66
DA:45,66
DA:50,66
DA:51,66
DA:52,66
DA:53,66
DA:54,66
DA:55,66
DA:56,66
DA:57,66
DA:59,66
DA:61,66
DA:62,66
DA:63,66
DA:64,66
DA:65,66
DA:66,66
DA:68,66
DA:69,66
DA:70,66
DA:74,66
DA:75,66
DA:77,66
DA:78,66
DA:79,66
DA:80,66
DA:83,66
DA:84,66
DA:85,66
DA:91,66
DA:100,93
DA:101,93
DA:102,93
DA:103,0
DA:104,0
DA:106,93
DA:125,0
DA:126,0
DA:127,0
DA:128,0
DA:129,0
DA:130,0
DA:135,5
DA:140,3
DA:141,3
DA:144,3
DA:145,1
DA:149,1
DA:150,1
DA:151,1
DA:152,2
DA:156,1
DA:159,1
DA:160,1
DA:161,1
DA:168,3
DA:169,3
DA:170,3
DA:171,3
DA:172,3
DA:173,1
DA:174,2
DA:175,1
DA:176,1
DA:177,1
DA:180,3
DA:185,3
DA:186,1
DA:188,2
DA:193,0
DA:198,2
DA:199,2
DA:200,1
DA:202,2
DA:203,1
DA:205,2
DA:206,1
DA:208,2
DA:209,1
DA:212,2
DA:213,1
DA:225,1
DA:226,1
DA:227,1
DA:231,1
DA:232,1
DA:234,1
DA:240,1
DA:241,3
DA:242,3
DA:243,3
DA:245,1
DA:247,0
DA:249,1
DA:250,1
DA:251,1
DA:252,1
DA:253,1
DA:266,1
DA:267,1
DA:269,1
DA:270,0
DA:271,0
DA:273,0
DA:274,0
DA:275,0
DA:276,0
DA:277,0
DA:282,0
DA:286,0
DA:287,0
DA:288,0
DA:289,0
DA:290,0
DA:299,1
DA:300,1
DA:302,1
DA:303,1
DA:304,1
DA:305,1
DA:306,1
DA:311,0
DA:315,0
DA:316,0
DA:317,0
DA:318,0
DA:319,0
DA:331,4
DA:332,4
DA:333,4
DA:335,4
DA:336,4
DA:337,1
DA:342,5
DA:343,5
DA:344,5
DA:346,5
DA:347,5
DA:358,3
DA:359,3
DA:360,1
DA:363,2
DA:365,2
DA:366,0
DA:368,2
DA:369,2
DA:371,2
DA:372,2
DA:385,1
DA:386,1
DA:387,1
DA:388,1
DA:389,1
DA:390,1
DA:410,2
DA:421,2
DA:425,1
DA:426,1
DA:427,1
DA:428,1
DA:435,1
DA:436,1
DA:437,1
DA:438,1
DA:444,0
DA:445,0
DA:446,0
DA:458,1
DA:459,1
DA:477,1
DA:479,0
DA:484,66
DA:485,66
DA:487,2
DA:488,2
DA:489,2
DA:490,2
DA:491,2
DA:492,2
DA:507,0
DA:508,0
DA:526,0
DA:528,0
DA:535,1
DA:536,1
DA:537,1
DA:542,3
DA:543,2
DA:544,2
DA:545,2
DA:546,6
DA:548,2
DA:550,1
DA:552,3
DA:557,1
DA:558,1
DA:559,1
DA:565,4
DA:568,4
DA:571,4
DA:577,3
DA:578,3
DA:579,3
DA:580,3
DA:581,3
DA:582,3
DA:583,6
DA:585,3
DA:586,3
DA:587,3
DA:598,1
DA:599,1
DA:600,1
DA:601,1
DA:612,0
DA:614,0
DA:621,0
DA:631,0
DA:640,2
DA:641,2
DA:645,2
DA:646,2
DA:647,2
DA:651,0
DA:657,6
DA:658,6
DA:659,6
DA:660,6
DA:661,6
DA:664,6
DA:665,6
DA:666,6
DA:667,6
DA:668,6
DA:669,6
DA:670,6
DA:671,6
DA:672,6
DA:673,6
DA:674,6
DA:675,6
DA:676,6
DA:677,6
DA:678,6
DA:683,4
DA:684,4
DA:691,0
DA:693,0
DA:694,0
DA:695,0
DA:696,0
DA:697,0
DA:702,3
DA:707,0
DA:708,0
LF:271
LH:220
BRDA:102,0,0,0
BRDA:144,1,0,1
BRDA:144,1,1,2
BRDA:152,2,0,1
BRDA:172,3,0,1
BRDA:172,3,1,2
BRDA:174,4,0,1
BRDA:174,4,1,1
BRDA:176,5,0,1
BRDA:185,6,0,1
BRDA:185,6,1,2
BRDA:199,7,0,1
BRDA:202,8,0,1
BRDA:205,9,0,1
BRDA:208,10,0,1
BRDA:212,11,0,1
BRDA:212,12,0,2
BRDA:212,12,1,1
BRDA:212,12,2,1
BRDA:212,12,3,1
BRDA:269,13,0,0
BRDA:269,13,1,1
BRDA:288,14,0,0
BRDA:288,14,1,0
BRDA:288,14,2,0
BRDA:288,14,3,0
BRDA:317,15,0,0
BRDA:317,15,1,0
BRDA:317,15,2,0
BRDA:317,15,3,0
BRDA:336,16,0,1
BRDA:365,17,0,0
BRDA:365,17,1,2
BRDA:369,18,0,2
BRDA:369,18,1,2
BRDA:369,18,2,2
BRDA:369,18,3,2
BRDA:435,19,0,1
BRDA:435,19,1,0
BRDA:542,20,0,2
BRDA:542,20,1,1
BRDA:599,21,0,1
BRDA:599,21,1,1
BRDA:599,21,2,1
BRDA:599,21,3,1
BRF:45
BRH:33
end_of_record
TN:
SF:src\app\Admin-Configuration\fm-chat-configuration\fm-chat-configuration.component.ts
FN:29,(anonymous_0)
FN:38,(anonymous_1)
FN:69,(anonymous_2)
FN:77,(anonymous_3)
FN:79,(anonymous_4)
FN:87,(anonymous_5)
FN:111,(anonymous_6)
FN:120,(anonymous_7)
FN:121,(anonymous_8)
FN:127,(anonymous_9)
FN:139,(anonymous_10)
FN:158,(anonymous_11)
FN:163,(anonymous_12)
FN:173,(anonymous_13)
FN:182,(anonymous_14)
FN:184,(anonymous_15)
FN:197,(anonymous_16)
FN:205,(anonymous_17)
FN:222,(anonymous_18)
FN:235,(anonymous_19)
FN:240,(anonymous_20)
FN:255,(anonymous_21)
FN:267,(anonymous_22)
FN:278,(anonymous_23)
FN:285,(anonymous_24)
FN:288,(anonymous_25)
FN:301,(anonymous_26)
FN:309,(anonymous_27)
FN:311,(anonymous_28)
FN:323,(anonymous_29)
FN:331,(anonymous_30)
FN:341,(anonymous_31)
FN:342,(anonymous_32)
FN:345,(anonymous_33)
FN:364,(anonymous_34)
FN:372,(anonymous_35)
FN:379,(anonymous_36)
FN:389,(anonymous_37)
FN:410,(anonymous_38)
FN:454,(anonymous_39)
FNF:40
FNH:27
FNDA:47,(anonymous_0)
FNDA:47,(anonymous_1)
FNDA:52,(anonymous_2)
FNDA:1,(anonymous_3)
FNDA:1,(anonymous_4)
FNDA:3,(anonymous_5)
FNDA:2,(anonymous_6)
FNDA:3,(anonymous_7)
FNDA:3,(anonymous_8)
FNDA:22,(anonymous_9)
FNDA:1,(anonymous_10)
FNDA:2,(anonymous_11)
FNDA:2,(anonymous_12)
FNDA:2,(anonymous_13)
FNDA:2,(anonymous_14)
FNDA:4,(anonymous_15)
FNDA:1,(anonymous_16)
FNDA:2,(anonymous_17)
FNDA:0,(anonymous_18)
FNDA:0,(anonymous_19)
FNDA:0,(anonymous_20)
FNDA:0,(anonymous_21)
FNDA:1,(anonymous_22)
FNDA:0,(anonymous_23)
FNDA:0,(anonymous_24)
FNDA:0,(anonymous_25)
FNDA:0,(anonymous_26)
FNDA:0,(anonymous_27)
FNDA:0,(anonymous_28)
FNDA:48,(anonymous_29)
FNDA:0,(anonymous_30)
FNDA:2,(anonymous_31)
FNDA:1,(anonymous_32)
FNDA:1,(anonymous_33)
FNDA:1,(anonymous_34)
FNDA:1,(anonymous_35)
FNDA:1,(anonymous_36)
FNDA:0,(anonymous_37)
FNDA:0,(anonymous_38)
FNDA:1,(anonymous_39)
DA:24,1
DA:25,47
DA:29,47
DA:30,47
DA:31,47
DA:32,47
DA:39,47
DA:40,47
DA:42,47
DA:43,47
DA:50,47
DA:51,47
DA:52,47
DA:54,47
DA:55,47
DA:59,47
DA:61,47
DA:62,47
DA:63,47
DA:64,47
DA:65,47
DA:66,47
DA:70,52
DA:71,50
DA:73,2
DA:78,1
DA:79,1
DA:80,1
DA:81,1
DA:83,1
DA:88,3
DA:89,3
DA:90,3
DA:91,1
DA:99,2
DA:100,2
DA:101,2
DA:102,2
DA:103,2
DA:104,2
DA:112,2
DA:114,3
DA:116,2
DA:121,3
DA:122,3
DA:123,3
DA:124,1
DA:126,2
DA:127,2
DA:128,22
DA:129,2
DA:131,20
DA:140,1
DA:141,1
DA:142,1
DA:152,47
DA:153,47
DA:155,47
DA:159,2
DA:160,2
DA:161,2
DA:162,2
DA:163,1
DA:164,2
DA:165,2
DA:166,2
DA:167,2
DA:168,0
DA:170,2
DA:173,1
DA:174,2
DA:176,2
DA:183,2
DA:184,2
DA:185,4
DA:186,1
DA:187,1
DA:188,1
DA:190,3
DA:193,2
DA:198,1
DA:199,1
DA:200,1
DA:206,2
DA:207,1
DA:210,1
DA:211,1
DA:212,1
DA:217,1
DA:224,0
DA:225,0
DA:227,0
DA:228,0
DA:229,0
DA:230,0
DA:231,0
DA:233,0
DA:236,0
DA:238,0
DA:239,0
DA:241,0
DA:242,0
DA:243,0
DA:244,0
DA:257,0
DA:259,0
DA:260,0
DA:261,0
DA:262,0
DA:268,1
DA:269,1
DA:270,1
DA:271,1
DA:272,1
DA:274,47
DA:275,47
DA:279,0
DA:280,0
DA:281,0
DA:282,0
DA:286,0
DA:287,0
DA:289,0
DA:290,0
DA:291,0
DA:299,47
DA:302,0
DA:303,0
DA:304,0
DA:306,0
DA:310,0
DA:312,0
DA:313,0
DA:314,0
DA:324,48
DA:332,0
DA:333,0
DA:334,0
DA:335,0
DA:336,0
DA:337,0
DA:342,2
DA:343,1
DA:344,1
DA:347,1
DA:349,1
DA:350,1
DA:351,1
DA:352,1
DA:353,1
DA:365,1
DA:366,1
DA:367,1
DA:373,1
DA:374,1
DA:375,1
DA:381,1
DA:382,1
DA:383,1
DA:384,1
DA:385,0
DA:386,0
DA:388,0
DA:390,0
DA:391,0
DA:392,0
DA:393,0
DA:398,0
DA:399,0
DA:400,0
DA:408,0
DA:412,0
DA:413,0
DA:416,0
DA:417,0
DA:418,0
DA:419,0
DA:420,0
DA:429,0
DA:430,0
DA:431,0
DA:432,0
DA:443,0
DA:444,0
DA:445,0
DA:455,1
DA:456,1
LF:187
LH:118
BRDA:70,0,0,50
BRDA:70,1,0,52
BRDA:70,1,1,4
BRDA:90,2,0,1
BRDA:90,2,1,2
BRDA:123,3,0,1
BRDA:123,3,1,2
BRDA:128,4,0,2
BRDA:128,4,1,20
BRDA:162,5,0,1
BRDA:162,5,1,1
BRDA:167,6,0,0
BRDA:185,7,0,1
BRDA:185,7,1,3
BRDA:206,8,0,1
BRDA:241,9,0,0
BRDA:241,9,1,0
BRDA:241,9,2,0
BRDA:241,9,3,0
BRDA:289,10,0,0
BRDA:289,10,1,0
BRDA:289,10,2,0
BRDA:289,10,3,0
BRDA:312,11,0,0
BRDA:312,11,1,0
BRDA:312,11,2,0
BRDA:312,11,3,0
BRDA:351,12,0,1
BRDA:351,12,1,1
BRDA:351,12,2,1
BRDA:351,12,3,1
BRDA:386,13,0,0
BRDA:386,13,1,0
BRDA:390,14,0,0
BRDA:390,14,1,0
BRDA:413,15,0,0
BRDA:413,15,1,0
BRF:37
BRH:18
end_of_record
TN:
SF:src\app\Admin-Configuration\fm-parameters\fm-parameters.component.ts
FN:27,(anonymous_0)
FN:56,(anonymous_1)
FN:116,(anonymous_2)
FN:184,(anonymous_3)
FN:186,(anonymous_4)
FN:205,(anonymous_5)
FN:220,(anonymous_6)
FN:232,(anonymous_7)
FN:260,(anonymous_8)
FN:265,(anonymous_9)
FN:275,(anonymous_10)
FN:284,(anonymous_11)
FN:286,(anonymous_12)
FN:310,(anonymous_13)
FN:315,(anonymous_14)
FN:325,(anonymous_15)
FN:334,(anonymous_16)
FN:336,(anonymous_17)
FN:359,(anonymous_18)
FN:364,(anonymous_19)
FN:374,(anonymous_20)
FN:383,(anonymous_21)
FN:385,(anonymous_22)
FN:409,(anonymous_23)
FN:414,(anonymous_24)
FN:424,(anonymous_25)
FN:433,(anonymous_26)
FN:435,(anonymous_27)
FN:458,(anonymous_28)
FN:463,(anonymous_29)
FN:473,(anonymous_30)
FN:482,(anonymous_31)
FN:484,(anonymous_32)
FN:503,(anonymous_33)
FN:506,(anonymous_34)
FN:508,(anonymous_35)
FN:513,(anonymous_36)
FN:515,(anonymous_37)
FN:525,(anonymous_38)
FN:528,(anonymous_39)
FN:530,(anonymous_40)
FN:534,(anonymous_41)
FN:536,(anonymous_42)
FN:555,(anonymous_43)
FN:557,(anonymous_44)
FN:564,(anonymous_45)
FN:595,(anonymous_46)
FN:600,(anonymous_47)
FN:606,(anonymous_48)
FNF:49
FNH:45
FNDA:61,(anonymous_0)
FNDA:64,(anonymous_1)
FNDA:5,(anonymous_2)
FNDA:4,(anonymous_3)
FNDA:3,(anonymous_4)
FNDA:1,(anonymous_5)
FNDA:2,(anonymous_6)
FNDA:2,(anonymous_7)
FNDA:2,(anonymous_8)
FNDA:2,(anonymous_9)
FNDA:2,(anonymous_10)
FNDA:2,(anonymous_11)
FNDA:4,(anonymous_12)
FNDA:1,(anonymous_13)
FNDA:1,(anonymous_14)
FNDA:0,(anonymous_15)
FNDA:1,(anonymous_16)
FNDA:1,(anonymous_17)
FNDA:3,(anonymous_18)
FNDA:4,(anonymous_19)
FNDA:2,(anonymous_20)
FNDA:3,(anonymous_21)
FNDA:6,(anonymous_22)
FNDA:2,(anonymous_23)
FNDA:2,(anonymous_24)
FNDA:2,(anonymous_25)
FNDA:3,(anonymous_26)
FNDA:6,(anonymous_27)
FNDA:2,(anonymous_28)
FNDA:2,(anonymous_29)
FNDA:0,(anonymous_30)
FNDA:3,(anonymous_31)
FNDA:6,(anonymous_32)
FNDA:1,(anonymous_33)
FNDA:1,(anonymous_34)
FNDA:0,(anonymous_35)
FNDA:1,(anonymous_36)
FNDA:1,(anonymous_37)
FNDA:1,(anonymous_38)
FNDA:1,(anonymous_39)
FNDA:0,(anonymous_40)
FNDA:1,(anonymous_41)
FNDA:1,(anonymous_42)
FNDA:5,(anonymous_43)
FNDA:3,(anonymous_44)
FNDA:2,(anonymous_45)
FNDA:5,(anonymous_46)
FNDA:5,(anonymous_47)
FNDA:61,(anonymous_48)
DA:23,1
DA:24,61
DA:27,61
DA:28,61
DA:38,61
DA:39,61
DA:40,61
DA:44,61
DA:45,61
DA:46,61
DA:47,61
DA:48,61
DA:49,61
DA:50,61
DA:51,61
DA:52,61
DA:53,61
DA:57,64
DA:117,5
DA:118,5
DA:119,5
DA:120,5
DA:121,4
DA:122,4
DA:125,5
DA:134,5
DA:138,5
DA:143,5
DA:148,5
DA:154,5
DA:171,5
DA:179,5
DA:185,4
DA:187,3
DA:188,2
DA:189,2
DA:190,2
DA:196,1
DA:197,1
DA:198,1
DA:199,1
DA:206,1
DA:207,1
DA:208,1
DA:209,1
DA:210,1
DA:223,2
DA:225,0
DA:226,0
DA:227,0
DA:234,2
DA:235,2
DA:236,2
DA:237,2
DA:238,2
DA:239,2
DA:240,2
DA:241,2
DA:242,2
DA:243,2
DA:252,61
DA:254,61
DA:255,61
DA:257,61
DA:261,2
DA:262,2
DA:263,2
DA:264,2
DA:265,1
DA:266,2
DA:267,2
DA:268,2
DA:269,2
DA:270,0
DA:272,2
DA:275,1
DA:276,2
DA:278,2
DA:285,2
DA:286,2
DA:287,4
DA:288,1
DA:289,1
DA:290,1
DA:292,3
DA:295,2
DA:304,61
DA:305,61
DA:307,61
DA:311,1
DA:312,1
DA:313,1
DA:314,1
DA:315,1
DA:316,1
DA:317,1
DA:318,1
DA:319,1
DA:320,0
DA:322,1
DA:325,0
DA:326,0
DA:328,0
DA:335,1
DA:336,1
DA:337,1
DA:338,0
DA:339,0
DA:340,0
DA:342,1
DA:345,1
DA:353,61
DA:354,61
DA:356,61
DA:360,3
DA:361,3
DA:362,3
DA:363,3
DA:364,2
DA:365,4
DA:366,4
DA:367,4
DA:368,4
DA:369,2
DA:371,4
DA:374,1
DA:375,2
DA:377,2
DA:384,3
DA:385,3
DA:386,6
DA:387,2
DA:388,2
DA:389,2
DA:391,4
DA:394,3
DA:403,61
DA:404,61
DA:406,61
DA:410,2
DA:411,2
DA:412,2
DA:413,2
DA:414,1
DA:415,2
DA:416,2
DA:417,2
DA:418,2
DA:419,0
DA:421,2
DA:424,1
DA:425,2
DA:427,2
DA:434,3
DA:435,3
DA:436,6
DA:437,2
DA:438,2
DA:439,2
DA:441,4
DA:444,3
DA:452,61
DA:453,61
DA:455,61
DA:459,2
DA:460,2
DA:461,2
DA:462,2
DA:463,1
DA:464,2
DA:465,2
DA:466,2
DA:467,2
DA:468,0
DA:470,2
DA:473,1
DA:474,0
DA:476,0
DA:483,3
DA:484,3
DA:485,6
DA:486,2
DA:487,2
DA:488,2
DA:490,4
DA:493,3
DA:499,61
DA:500,61
DA:504,1
DA:505,1
DA:506,1
DA:508,0
DA:514,1
DA:515,1
DA:516,1
DA:517,0
DA:518,0
DA:521,1
DA:526,1
DA:527,1
DA:528,1
DA:530,0
DA:535,1
DA:536,1
DA:537,1
DA:538,0
DA:539,0
DA:542,1
DA:552,61
DA:553,61
DA:554,61
DA:556,5
DA:558,3
DA:566,2
DA:567,2
DA:570,1
DA:571,1
DA:572,1
DA:574,1
DA:575,1
DA:582,1
DA:583,1
DA:584,1
DA:585,1
DA:594,5
DA:596,5
DA:599,5
DA:601,5
DA:607,61
DA:608,61
LF:230
LH:209
BRDA:120,0,0,4
BRDA:187,1,0,2
BRDA:187,1,1,1
BRDA:196,2,0,1
BRDA:264,3,0,1
BRDA:264,3,1,1
BRDA:269,4,0,0
BRDA:287,5,0,1
BRDA:287,5,1,3
BRDA:314,6,0,1
BRDA:314,6,1,0
BRDA:319,7,0,0
BRDA:337,8,0,0
BRDA:337,8,1,1
BRDA:363,9,0,2
BRDA:363,9,1,1
BRDA:368,10,0,2
BRDA:386,11,0,2
BRDA:386,11,1,4
BRDA:413,12,0,1
BRDA:413,12,1,1
BRDA:418,13,0,0
BRDA:436,14,0,2
BRDA:436,14,1,4
BRDA:462,15,0,1
BRDA:462,15,1,1
BRDA:467,16,0,0
BRDA:485,17,0,2
BRDA:485,17,1,4
BRDA:505,18,0,1
BRDA:505,18,1,0
BRDA:516,19,0,0
BRDA:527,20,0,1
BRDA:527,20,1,0
BRDA:537,21,0,0
BRDA:567,22,0,1
BRDA:567,22,1,1
BRF:37
BRH:27
end_of_record
TN:
SF:src\app\Admin-Configuration\recognizers\recognizers-method.ts
FN:14,(anonymous_0)
FN:20,(anonymous_1)
FN:25,(anonymous_2)
FN:65,(anonymous_3)
FN:170,(anonymous_4)
FN:172,(anonymous_5)
FN:174,(anonymous_6)
FNF:7
FNH:7
FNDA:20,(anonymous_0)
FNDA:8,(anonymous_1)
FNDA:4,(anonymous_2)
FNDA:4,(anonymous_3)
FNDA:10,(anonymous_4)
FNDA:5,(anonymous_5)
FNDA:9,(anonymous_6)
DA:14,20
DA:21,8
DA:24,8
DA:26,4
DA:27,4
DA:48,2
DA:49,2
DA:54,2
DA:55,2
DA:56,1
DA:57,1
DA:62,1
DA:64,1
DA:67,4
DA:68,4
DA:69,1
DA:70,1
DA:71,1
DA:72,1
DA:81,3
DA:82,3
DA:83,3
DA:171,10
DA:172,10
DA:173,5
DA:174,5
DA:175,9
DA:176,9
DA:177,5
DA:180,5
DA:182,5
DA:184,5
DA:185,5
DA:186,5
DA:187,5
DA:188,5
DA:193,5
LF:37
LH:37
BRDA:27,0,0,2
BRDA:27,0,1,2
BRDA:55,1,0,1
BRDA:68,2,0,1
BRDA:68,2,1,3
BRDA:82,3,0,3
BRDA:82,3,1,3
BRDA:82,3,2,2
BRDA:82,3,3,1
BRDA:176,4,0,5
BRDA:186,5,0,5
BRDA:186,5,1,5
BRDA:186,5,2,4
BRDA:186,5,3,3
BRF:14
BRH:14
end_of_record
TN:
SF:src\app\Admin-Configuration\recognizers\recognizers.component.ts
FN:29,(anonymous_0)
FN:83,(anonymous_1)
FN:89,(anonymous_2)
FN:95,(anonymous_3)
FN:101,(anonymous_4)
FN:115,(anonymous_5)
FN:128,(anonymous_6)
FN:130,(anonymous_7)
FN:133,(anonymous_8)
FN:144,(anonymous_9)
FN:164,(anonymous_10)
FN:171,(anonymous_11)
FN:178,(anonymous_12)
FN:198,(anonymous_13)
FN:207,(anonymous_14)
FN:211,(anonymous_15)
FN:217,(anonymous_16)
FN:245,(anonymous_17)
FN:253,(anonymous_18)
FN:277,(anonymous_19)
FN:280,(anonymous_20)
FN:285,(anonymous_21)
FN:299,(anonymous_22)
FN:319,(anonymous_23)
FN:321,(anonymous_24)
FN:333,(anonymous_25)
FN:341,(anonymous_26)
FN:371,(anonymous_27)
FN:415,(anonymous_28)
FN:446,(anonymous_29)
FN:462,(anonymous_30)
FN:468,(anonymous_31)
FN:469,(anonymous_32)
FN:479,(anonymous_33)
FN:481,(anonymous_34)
FN:496,(anonymous_35)
FN:498,(anonymous_36)
FN:515,(anonymous_37)
FN:522,(anonymous_38)
FN:532,(anonymous_39)
FNF:40
FNH:36
FNDA:53,(anonymous_0)
FNDA:1,(anonymous_1)
FNDA:1,(anonymous_2)
FNDA:1,(anonymous_3)
FNDA:3,(anonymous_4)
FNDA:1,(anonymous_5)
FNDA:4,(anonymous_6)
FNDA:2,(anonymous_7)
FNDA:4,(anonymous_8)
FNDA:1,(anonymous_9)
FNDA:3,(anonymous_10)
FNDA:1,(anonymous_11)
FNDA:2,(anonymous_12)
FNDA:2,(anonymous_13)
FNDA:0,(anonymous_14)
FNDA:0,(anonymous_15)
FNDA:2,(anonymous_16)
FNDA:1,(anonymous_17)
FNDA:9,(anonymous_18)
FNDA:1,(anonymous_19)
FNDA:1,(anonymous_20)
FNDA:2,(anonymous_21)
FNDA:2,(anonymous_22)
FNDA:1,(anonymous_23)
FNDA:1,(anonymous_24)
FNDA:0,(anonymous_25)
FNDA:3,(anonymous_26)
FNDA:1,(anonymous_27)
FNDA:1,(anonymous_28)
FNDA:0,(anonymous_29)
FNDA:1,(anonymous_30)
FNDA:1,(anonymous_31)
FNDA:2,(anonymous_32)
FNDA:1,(anonymous_33)
FNDA:1,(anonymous_34)
FNDA:3,(anonymous_35)
FNDA:6,(anonymous_36)
FNDA:3,(anonymous_37)
FNDA:1,(anonymous_38)
FNDA:53,(anonymous_39)
DA:26,1
DA:27,53
DA:29,53
DA:30,53
DA:37,53
DA:39,53
DA:40,53
DA:41,53
DA:43,53
DA:44,53
DA:51,53
DA:52,53
DA:54,53
DA:55,53
DA:57,53
DA:58,53
DA:59,53
DA:61,53
DA:63,53
DA:64,53
DA:65,53
DA:66,53
DA:67,53
DA:68,53
DA:70,53
DA:71,53
DA:72,53
DA:73,53
DA:74,53
DA:75,53
DA:76,53
DA:77,53
DA:79,53
DA:80,53
DA:81,53
DA:84,1
DA:85,1
DA:91,1
DA:97,1
DA:105,3
DA:107,0
DA:108,0
DA:109,0
DA:110,0
DA:117,1
DA:118,1
DA:119,1
DA:120,1
DA:121,1
DA:122,1
DA:123,1
DA:124,1
DA:129,4
DA:131,2
DA:133,2
DA:135,4
DA:136,3
DA:138,4
DA:143,2
DA:151,1
DA:152,1
DA:153,1
DA:165,3
DA:166,3
DA:167,3
DA:172,1
DA:173,1
DA:174,1
DA:179,2
DA:198,2
DA:199,2
DA:208,0
DA:218,2
DA:219,2
DA:220,2
DA:221,1
DA:229,1
DA:230,1
DA:231,1
DA:232,1
DA:233,1
DA:237,1
DA:238,1
DA:239,1
DA:246,1
DA:248,2
DA:254,9
DA:278,1
DA:281,1
DA:290,2
DA:291,1
DA:292,1
DA:294,1
DA:300,2
DA:302,2
DA:303,2
DA:304,2
DA:305,2
DA:306,2
DA:307,2
DA:308,2
DA:309,2
DA:310,2
DA:311,0
DA:315,2
DA:320,1
DA:323,1
DA:324,1
DA:325,1
DA:326,1
DA:347,3
DA:348,1
DA:349,1
DA:350,1
DA:355,2
DA:359,2
DA:370,2
DA:373,1
DA:376,1
DA:397,1
DA:398,1
DA:399,1
DA:403,0
DA:404,0
DA:405,0
DA:406,0
DA:418,1
DA:421,1
DA:422,1
DA:423,1
DA:432,0
DA:433,0
DA:434,0
DA:447,0
DA:460,53
DA:463,1
DA:469,2
DA:470,1
DA:476,1
DA:480,1
DA:484,1
DA:485,1
DA:486,1
DA:487,1
DA:497,3
DA:498,2
DA:499,6
DA:502,2
DA:503,2
DA:504,2
DA:506,1
DA:507,1
DA:508,1
DA:509,1
DA:516,3
DA:517,3
DA:518,3
DA:523,1
DA:524,1
DA:525,1
DA:526,1
DA:527,1
DA:528,1
DA:533,53
DA:534,53
LF:165
LH:151
BRDA:135,0,0,3
BRDA:151,1,0,1
BRDA:151,1,1,1
BRDA:151,1,2,0
BRDA:151,1,3,0
BRDA:220,2,0,1
BRDA:220,2,1,1
BRDA:290,3,0,1
BRDA:290,3,1,1
BRDA:310,4,0,0
BRDA:347,5,0,1
BRDA:347,5,1,2
BRDA:355,6,0,2
BRDA:373,7,0,1
BRDA:373,7,1,0
BRDA:403,8,0,0
BRDA:418,9,0,1
BRDA:418,9,1,0
BRDA:432,10,0,0
BRDA:432,10,1,0
BRDA:432,10,2,0
BRDA:432,10,3,0
BRDA:497,11,0,2
BRDA:497,11,1,1
BRF:24
BRH:14
end_of_record
TN:
SF:src\app\Admin-Configuration\recognizers\recognizers.service.ts
FN:16,(anonymous_0)
FN:18,(anonymous_1)
FN:23,(anonymous_2)
FNF:3
FNH:3
FNDA:72,(anonymous_0)
FNDA:7,(anonymous_1)
FNDA:9,(anonymous_2)
DA:14,1
DA:16,72
DA:20,7
DA:24,9
LF:4
LH:4
BRF:0
BRH:0
end_of_record
TN:
SF:src\app\Admin-Configuration\recognizers\recognizers-modal-a\recognizers-modal-a.component.ts
FN:24,(anonymous_0)
FN:50,(anonymous_1)
FN:55,(anonymous_2)
FN:62,(anonymous_3)
FN:66,(anonymous_4)
FN:82,(anonymous_5)
FN:101,(anonymous_6)
FN:112,(anonymous_7)
FN:132,(anonymous_8)
FN:163,(anonymous_9)
FN:169,(anonymous_10)
FN:170,(anonymous_11)
FN:180,(anonymous_12)
FN:185,(anonymous_13)
FN:193,(anonymous_14)
FN:204,(anonymous_15)
FN:218,(anonymous_16)
FN:223,(anonymous_17)
FN:229,(anonymous_18)
FN:233,(anonymous_19)
FN:238,(anonymous_20)
FN:240,(anonymous_21)
FN:249,(anonymous_22)
FN:261,(anonymous_23)
FN:278,(anonymous_24)
FN:291,(anonymous_25)
FNF:26
FNH:7
FNDA:1,(anonymous_0)
FNDA:0,(anonymous_1)
FNDA:1,(anonymous_2)
FNDA:1,(anonymous_3)
FNDA:0,(anonymous_4)
FNDA:1,(anonymous_5)
FNDA:0,(anonymous_6)
FNDA:0,(anonymous_7)
FNDA:0,(anonymous_8)
FNDA:0,(anonymous_9)
FNDA:0,(anonymous_10)
FNDA:0,(anonymous_11)
FNDA:0,(anonymous_12)
FNDA:0,(anonymous_13)
FNDA:0,(anonymous_14)
FNDA:0,(anonymous_15)
FNDA:4,(anonymous_16)
FNDA:1,(anonymous_17)
FNDA:0,(anonymous_18)
FNDA:0,(anonymous_19)
FNDA:0,(anonymous_20)
FNDA:0,(anonymous_21)
FNDA:0,(anonymous_22)
FNDA:0,(anonymous_23)
FNDA:0,(anonymous_24)
FNDA:1,(anonymous_25)
DA:21,1
DA:22,1
DA:25,1
DA:26,1
DA:27,1
DA:28,1
DA:29,1
DA:31,1
DA:35,1
DA:42,1
DA:44,1
DA:45,1
DA:46,1
DA:47,1
DA:49,1
DA:51,0
DA:57,1
DA:60,1
DA:65,1
DA:68,0
DA:70,0
DA:71,0
DA:72,0
DA:78,0
DA:79,0
DA:88,1
DA:90,1
DA:91,1
DA:102,0
DA:111,0
DA:114,0
DA:115,0
DA:116,0
DA:117,0
DA:121,0
DA:122,0
DA:123,0
DA:124,0
DA:130,0
DA:135,0
DA:138,0
DA:139,0
DA:140,0
DA:149,0
DA:151,0
DA:152,0
DA:164,0
DA:165,0
DA:166,0
DA:170,0
DA:171,0
DA:177,0
DA:181,0
DA:187,0
DA:188,0
DA:192,0
DA:196,0
DA:197,0
DA:198,0
DA:207,0
DA:208,0
DA:209,0
DA:219,4
DA:224,1
DA:230,0
DA:234,0
DA:239,0
DA:240,0
DA:242,0
DA:250,0
DA:251,0
DA:255,0
DA:260,0
DA:263,0
DA:264,0
DA:270,0
DA:276,0
DA:279,0
DA:280,0
DA:285,0
DA:292,1
DA:293,1
LF:82
LH:25
BRDA:70,0,0,0
BRDA:70,0,1,0
BRDA:88,1,0,1
BRDA:88,1,1,0
BRDA:88,1,2,0
BRDA:88,1,3,1
BRDA:114,2,0,0
BRDA:114,2,1,0
BRDA:121,3,0,0
BRDA:135,4,0,0
BRDA:135,4,1,0
BRDA:149,5,0,0
BRDA:149,5,1,0
BRDA:149,5,2,0
BRDA:149,5,3,0
BRDA:207,6,0,0
BRDA:207,6,1,0
BRDA:207,6,2,0
BRDA:207,6,3,0
BRDA:239,7,0,0
BRDA:263,8,0,0
BRDA:263,8,1,0
BRF:22
BRH:2
end_of_record
TN:
SF:src\app\Admin-Configuration\safety-parameters\safety-parameters.component.ts
FN:22,(anonymous_0)
FN:35,(anonymous_1)
FN:53,(anonymous_2)
FN:67,(anonymous_3)
FN:69,(anonymous_4)
FN:89,(anonymous_5)
FN:106,(anonymous_6)
FN:117,(anonymous_7)
FN:132,(anonymous_8)
FN:142,(anonymous_9)
FN:147,(anonymous_10)
FNF:11
FNH:7
FNDA:1,(anonymous_0)
FNDA:0,(anonymous_1)
FNDA:1,(anonymous_2)
FNDA:0,(anonymous_3)
FNDA:0,(anonymous_4)
FNDA:0,(anonymous_5)
FNDA:1,(anonymous_6)
FNDA:1,(anonymous_7)
FNDA:1,(anonymous_8)
FNDA:1,(anonymous_9)
FNDA:1,(anonymous_10)
DA:20,1
DA:21,1
DA:22,1
DA:23,1
DA:32,1
DA:36,0
DA:37,0
DA:38,0
DA:48,0
DA:54,1
DA:68,0
DA:70,0
DA:71,0
DA:72,0
DA:74,0
DA:78,0
DA:79,0
DA:81,0
DA:82,0
DA:91,0
DA:94,0
DA:95,0
DA:96,0
DA:97,0
DA:109,1
DA:111,1
DA:112,1
DA:113,1
DA:118,1
DA:119,1
DA:120,1
DA:122,1
DA:123,1
DA:124,1
DA:127,0
DA:134,1
DA:135,1
DA:136,1
DA:137,1
DA:141,1
DA:143,1
DA:148,1
DA:149,1
LF:43
LH:24
BRDA:70,0,0,0
BRDA:70,0,1,0
BRDA:78,1,0,0
BRDA:95,2,0,0
BRDA:95,2,1,0
BRDA:95,2,2,0
BRDA:95,2,3,0
BRDA:118,3,0,1
BRDA:120,4,0,1
BRDA:134,5,0,1
BRDA:136,6,0,1
BRF:11
BRH:4
end_of_record
TN:
SF:src\app\Admin-Configuration\template-data\template-data.component.ts
FN:27,(anonymous_0)
FN:83,(anonymous_1)
FN:88,(anonymous_2)
FN:94,(anonymous_3)
FN:104,(anonymous_4)
FN:115,(anonymous_5)
FN:153,(anonymous_6)
FN:179,(anonymous_7)
FN:186,(anonymous_8)
FN:208,(anonymous_9)
FN:227,(anonymous_10)
FN:238,(anonymous_11)
FN:245,(anonymous_12)
FN:263,(anonymous_13)
FNF:14
FNH:14
FNDA:30,(anonymous_0)
FNDA:4,(anonymous_1)
FNDA:3,(anonymous_2)
FNDA:3,(anonymous_3)
FNDA:3,(anonymous_4)
FNDA:3,(anonymous_5)
FNDA:8,(anonymous_6)
FNDA:2,(anonymous_7)
FNDA:3,(anonymous_8)
FNDA:2,(anonymous_9)
FNDA:33,(anonymous_10)
FNDA:33,(anonymous_11)
FNDA:30,(anonymous_12)
FNDA:29,(anonymous_13)
DA:20,1
DA:21,30
DA:23,30
DA:28,30
DA:29,30
DA:30,30
DA:31,30
DA:32,30
DA:36,30
DA:37,30
DA:45,30
DA:46,30
DA:47,30
DA:84,4
DA:89,3
DA:90,3
DA:95,3
DA:103,3
DA:104,3
DA:105,3
DA:107,3
DA:110,3
DA:119,3
DA:120,2
DA:154,8
DA:155,8
DA:156,2
DA:157,2
DA:159,6
DA:160,6
DA:161,6
DA:178,6
DA:179,6
DA:181,2
DA:182,2
DA:183,2
DA:184,2
DA:185,2
DA:188,3
DA:192,3
DA:193,3
DA:194,3
DA:195,3
DA:205,6
DA:209,2
DA:229,33
DA:230,32
DA:231,32
DA:232,32
DA:240,33
DA:241,33
DA:250,30
DA:251,30
DA:253,30
DA:254,30
DA:255,30
DA:256,30
DA:257,30
DA:258,30
DA:259,30
DA:264,29
DA:265,29
LF:62
LH:62
BRDA:119,0,0,2
BRDA:155,1,0,2
BRDA:193,2,0,3
BRDA:193,2,1,3
BRDA:193,2,2,3
BRDA:193,2,3,3
BRDA:229,3,0,32
BRDA:231,4,0,32
BRF:8
BRH:8
end_of_record
TN:
SF:src\app\Admin-Configuration\template-mapping\template-mapping.component.ts
FN:36,(anonymous_0)
FN:127,(anonymous_1)
FN:143,(anonymous_2)
FN:144,(anonymous_3)
FN:151,(anonymous_4)
FN:156,(anonymous_5)
FN:166,(anonymous_6)
FN:174,(anonymous_7)
FN:176,(anonymous_8)
FN:189,(anonymous_9)
FN:194,(anonymous_10)
FN:204,(anonymous_11)
FN:212,(anonymous_12)
FN:214,(anonymous_13)
FN:228,(anonymous_14)
FN:233,(anonymous_15)
FN:243,(anonymous_16)
FN:251,(anonymous_17)
FN:253,(anonymous_18)
FN:265,(anonymous_19)
FN:270,(anonymous_20)
FN:280,(anonymous_21)
FN:288,(anonymous_22)
FN:290,(anonymous_23)
FN:302,(anonymous_24)
FN:307,(anonymous_25)
FN:317,(anonymous_26)
FN:325,(anonymous_27)
FN:327,(anonymous_28)
FN:384,(anonymous_29)
FN:388,(anonymous_30)
FN:392,(anonymous_31)
FN:396,(anonymous_32)
FN:400,(anonymous_33)
FN:404,(anonymous_34)
FN:408,(anonymous_35)
FN:412,(anonymous_36)
FN:416,(anonymous_37)
FN:420,(anonymous_38)
FN:425,(anonymous_39)
FN:428,(anonymous_40)
FN:438,(anonymous_41)
FN:445,(anonymous_42)
FN:449,(anonymous_43)
FN:453,(anonymous_44)
FN:457,(anonymous_45)
FN:461,(anonymous_46)
FN:465,(anonymous_47)
FN:469,(anonymous_48)
FN:473,(anonymous_49)
FN:477,(anonymous_50)
FN:481,(anonymous_51)
FN:486,(anonymous_52)
FN:488,(anonymous_53)
FN:503,(anonymous_54)
FN:583,(anonymous_55)
FN:668,(anonymous_56)
FN:669,(anonymous_57)
FN:699,(anonymous_58)
FN:720,(anonymous_59)
FN:734,(anonymous_60)
FN:764,(anonymous_61)
FN:780,(anonymous_62)
FN:792,(anonymous_63)
FN:812,(anonymous_64)
FN:827,(anonymous_65)
FN:848,(anonymous_66)
FN:867,(anonymous_67)
FN:882,(anonymous_68)
FN:903,(anonymous_69)
FN:922,(anonymous_70)
FN:937,(anonymous_71)
FN:959,(anonymous_72)
FN:979,(anonymous_73)
FN:987,(anonymous_74)
FN:999,(anonymous_75)
FN:1033,(anonymous_76)
FN:1041,(anonymous_77)
FN:1046,(anonymous_78)
FN:1054,(anonymous_79)
FN:1059,(anonymous_80)
FN:1077,(anonymous_81)
FN:1081,(anonymous_82)
FN:1086,(anonymous_83)
FN:1098,(anonymous_84)
FN:1102,(anonymous_85)
FN:1103,(anonymous_86)
FN:1106,(anonymous_87)
FN:1107,(anonymous_88)
FN:1113,(anonymous_89)
FN:1123,(anonymous_90)
FN:1131,(anonymous_91)
FN:1132,(anonymous_92)
FN:1135,(anonymous_93)
FN:1136,(anonymous_94)
FNF:95
FNH:8
FNDA:1,(anonymous_0)
FNDA:0,(anonymous_1)
FNDA:0,(anonymous_2)
FNDA:0,(anonymous_3)
FNDA:0,(anonymous_4)
FNDA:0,(anonymous_5)
FNDA:0,(anonymous_6)
FNDA:0,(anonymous_7)
FNDA:0,(anonymous_8)
FNDA:0,(anonymous_9)
FNDA:0,(anonymous_10)
FNDA:0,(anonymous_11)
FNDA:0,(anonymous_12)
FNDA:0,(anonymous_13)
FNDA:0,(anonymous_14)
FNDA:0,(anonymous_15)
FNDA:0,(anonymous_16)
FNDA:0,(anonymous_17)
FNDA:0,(anonymous_18)
FNDA:0,(anonymous_19)
FNDA:0,(anonymous_20)
FNDA:0,(anonymous_21)
FNDA:0,(anonymous_22)
FNDA:0,(anonymous_23)
FNDA:0,(anonymous_24)
FNDA:0,(anonymous_25)
FNDA:0,(anonymous_26)
FNDA:0,(anonymous_27)
FNDA:0,(anonymous_28)
FNDA:0,(anonymous_29)
FNDA:0,(anonymous_30)
FNDA:0,(anonymous_31)
FNDA:0,(anonymous_32)
FNDA:0,(anonymous_33)
FNDA:0,(anonymous_34)
FNDA:0,(anonymous_35)
FNDA:0,(anonymous_36)
FNDA:0,(anonymous_37)
FNDA:0,(anonymous_38)
FNDA:0,(anonymous_39)
FNDA:0,(anonymous_40)
FNDA:0,(anonymous_41)
FNDA:0,(anonymous_42)
FNDA:0,(anonymous_43)
FNDA:0,(anonymous_44)
FNDA:0,(anonymous_45)
FNDA:0,(anonymous_46)
FNDA:0,(anonymous_47)
FNDA:0,(anonymous_48)
FNDA:0,(anonymous_49)
FNDA:0,(anonymous_50)
FNDA:0,(anonymous_51)
FNDA:0,(anonymous_52)
FNDA:0,(anonymous_53)
FNDA:0,(anonymous_54)
FNDA:0,(anonymous_55)
FNDA:0,(anonymous_56)
FNDA:0,(anonymous_57)
FNDA:0,(anonymous_58)
FNDA:0,(anonymous_59)
FNDA:0,(anonymous_60)
FNDA:0,(anonymous_61)
FNDA:0,(anonymous_62)
FNDA:0,(anonymous_63)
FNDA:0,(anonymous_64)
FNDA:0,(anonymous_65)
FNDA:0,(anonymous_66)
FNDA:1,(anonymous_67)
FNDA:0,(anonymous_68)
FNDA:0,(anonymous_69)
FNDA:1,(anonymous_70)
FNDA:0,(anonymous_71)
FNDA:0,(anonymous_72)
FNDA:1,(anonymous_73)
FNDA:1,(anonymous_74)
FNDA:0,(anonymous_75)
FNDA:0,(anonymous_76)
FNDA:1,(anonymous_77)
FNDA:0,(anonymous_78)
FNDA:0,(anonymous_79)
FNDA:1,(anonymous_80)
FNDA:0,(anonymous_81)
FNDA:0,(anonymous_82)
FNDA:0,(anonymous_83)
FNDA:0,(anonymous_84)
FNDA:0,(anonymous_85)
FNDA:0,(anonymous_86)
FNDA:0,(anonymous_87)
FNDA:0,(anonymous_88)
FNDA:0,(anonymous_89)
FNDA:0,(anonymous_90)
FNDA:0,(anonymous_91)
FNDA:0,(anonymous_92)
FNDA:4,(anonymous_93)
FNDA:0,(anonymous_94)
DA:22,1
DA:23,1
DA:36,1
DA:37,1
DA:46,1
DA:47,1
DA:48,1
DA:49,1
DA:50,1
DA:52,1
DA:54,1
DA:55,1
DA:57,1
DA:58,1
DA:59,1
DA:60,1
DA:61,1
DA:62,1
DA:63,1
DA:64,1
DA:65,1
DA:66,1
DA:67,1
DA:68,1
DA:70,1
DA:71,1
DA:73,1
DA:74,1
DA:76,1
DA:77,1
DA:79,1
DA:80,1
DA:82,1
DA:83,1
DA:85,1
DA:86,1
DA:87,1
DA:88,1
DA:89,1
DA:90,1
DA:91,1
DA:92,1
DA:93,1
DA:94,1
DA:98,1
DA:99,1
DA:101,1
DA:102,1
DA:103,1
DA:104,1
DA:105,1
DA:110,1
DA:111,1
DA:112,1
DA:115,1
DA:117,1
DA:118,1
DA:120,1
DA:121,1
DA:123,1
DA:130,0
DA:131,0
DA:132,0
DA:133,0
DA:134,0
DA:136,0
DA:144,0
DA:150,1
DA:152,0
DA:153,0
DA:154,0
DA:155,0
DA:156,0
DA:157,0
DA:158,0
DA:159,0
DA:160,0
DA:161,0
DA:163,0
DA:166,0
DA:167,0
DA:169,0
DA:175,0
DA:176,0
DA:177,0
DA:178,0
DA:179,0
DA:180,0
DA:182,0
DA:185,0
DA:190,0
DA:191,0
DA:192,0
DA:193,0
DA:194,0
DA:195,0
DA:196,0
DA:197,0
DA:198,0
DA:199,0
DA:201,0
DA:204,0
DA:205,0
DA:207,0
DA:213,0
DA:214,0
DA:215,0
DA:216,0
DA:217,0
DA:218,0
DA:220,0
DA:223,0
DA:229,0
DA:230,0
DA:231,0
DA:232,0
DA:233,0
DA:234,0
DA:235,0
DA:236,0
DA:237,0
DA:238,0
DA:240,0
DA:243,0
DA:244,0
DA:246,0
DA:252,0
DA:253,0
DA:254,0
DA:255,0
DA:256,0
DA:257,0
DA:259,0
DA:262,0
DA:266,0
DA:267,0
DA:268,0
DA:269,0
DA:270,0
DA:271,0
DA:272,0
DA:273,0
DA:274,0
DA:275,0
DA:277,0
DA:280,0
DA:281,0
DA:283,0
DA:289,0
DA:290,0
DA:291,0
DA:292,0
DA:293,0
DA:294,0
DA:296,0
DA:299,0
DA:303,0
DA:304,0
DA:305,0
DA:306,0
DA:307,0
DA:308,0
DA:309,0
DA:310,0
DA:311,0
DA:312,0
DA:314,0
DA:317,0
DA:318,0
DA:320,0
DA:326,0
DA:327,0
DA:328,0
DA:329,0
DA:330,0
DA:331,0
DA:333,0
DA:336,0
DA:340,1
DA:341,1
DA:342,1
DA:343,1
DA:344,1
DA:345,1
DA:346,1
DA:347,1
DA:348,1
DA:349,1
DA:373,1
DA:374,1
DA:375,1
DA:376,1
DA:377,1
DA:378,1
DA:379,1
DA:380,1
DA:381,1
DA:382,1
DA:385,0
DA:389,0
DA:393,0
DA:397,0
DA:401,0
DA:405,0
DA:409,0
DA:413,0
DA:417,0
DA:421,0
DA:426,0
DA:427,0
DA:428,0
DA:429,0
DA:430,0
DA:431,0
DA:432,0
DA:433,0
DA:435,0
DA:438,0
DA:439,0
DA:440,0
DA:446,0
DA:450,0
DA:454,0
DA:458,0
DA:462,0
DA:466,0
DA:470,0
DA:474,0
DA:478,0
DA:482,0
DA:487,0
DA:488,0
DA:489,0
DA:490,0
DA:491,0
DA:492,0
DA:494,0
DA:497,0
DA:504,0
DA:505,0
DA:506,0
DA:507,0
DA:510,0
DA:511,0
DA:512,0
DA:513,0
DA:516,0
DA:517,0
DA:518,0
DA:519,0
DA:520,0
DA:522,0
DA:523,0
DA:525,0
DA:535,0
DA:536,0
DA:538,0
DA:539,0
DA:541,0
DA:551,0
DA:552,0
DA:584,0
DA:585,0
DA:586,0
DA:587,0
DA:588,0
DA:589,0
DA:592,0
DA:593,0
DA:594,0
DA:595,0
DA:596,0
DA:597,0
DA:599,0
DA:600,0
DA:601,0
DA:602,0
DA:603,0
DA:605,0
DA:606,0
DA:607,0
DA:617,0
DA:618,0
DA:620,0
DA:621,0
DA:622,0
DA:632,0
DA:633,0
DA:635,0
DA:636,0
DA:637,0
DA:647,0
DA:648,0
DA:650,0
DA:651,0
DA:652,0
DA:662,0
DA:663,0
DA:669,0
DA:670,0
DA:671,0
DA:672,0
DA:673,0
DA:674,0
DA:680,0
DA:681,0
DA:682,0
DA:684,0
DA:691,0
DA:692,0
DA:693,0
DA:696,0
DA:701,0
DA:705,0
DA:706,0
DA:707,0
DA:708,0
DA:719,1
DA:721,0
DA:722,0
DA:723,0
DA:724,0
DA:725,0
DA:729,0
DA:732,1
DA:736,0
DA:737,0
DA:738,0
DA:739,0
DA:741,0
DA:743,0
DA:744,0
DA:746,0
DA:748,0
DA:749,0
DA:751,0
DA:753,0
DA:754,0
DA:757,0
DA:758,0
DA:766,0
DA:778,0
DA:779,0
DA:780,0
DA:781,0
DA:784,0
DA:785,0
DA:786,0
DA:789,0
DA:794,0
DA:798,0
DA:799,0
DA:800,0
DA:801,0
DA:813,0
DA:814,0
DA:816,0
DA:817,0
DA:821,0
DA:823,0
DA:829,0
DA:830,0
DA:831,0
DA:832,0
DA:833,0
DA:838,0
DA:839,0
DA:840,0
DA:841,0
DA:843,0
DA:844,0
DA:846,0
DA:854,0
DA:855,0
DA:856,0
DA:857,0
DA:868,1
DA:869,1
DA:871,1
DA:872,1
DA:876,1
DA:878,1
DA:884,0
DA:885,0
DA:886,0
DA:887,0
DA:888,0
DA:894,0
DA:895,0
DA:899,0
DA:909,0
DA:910,0
DA:911,0
DA:912,0
DA:923,1
DA:924,1
DA:926,1
DA:927,1
DA:931,1
DA:933,1
DA:939,0
DA:940,0
DA:941,0
DA:942,0
DA:943,0
DA:949,0
DA:950,0
DA:965,0
DA:966,0
DA:967,0
DA:968,0
DA:980,1
DA:981,1
DA:982,1
DA:983,1
DA:990,1
DA:991,1
DA:996,1
DA:1000,0
DA:1001,0
DA:1002,0
DA:1003,0
DA:1006,0
DA:1008,0
DA:1009,0
DA:1010,0
DA:1012,0
DA:1013,0
DA:1016,0
DA:1017,0
DA:1018,0
DA:1020,0
DA:1021,0
DA:1023,0
DA:1024,0
DA:1026,0
DA:1027,0
DA:1031,0
DA:1034,0
DA:1042,1
DA:1043,1
DA:1047,0
DA:1048,0
DA:1060,1
DA:1063,1
DA:1065,1
DA:1067,1
DA:1069,1
DA:1070,1
DA:1071,1
DA:1087,0
DA:1088,0
DA:1090,0
DA:1092,0
DA:1093,0
DA:1096,1
DA:1099,0
DA:1103,0
DA:1104,0
DA:1107,0
DA:1108,0
DA:1111,1
DA:1114,0
DA:1115,0
DA:1117,0
DA:1121,1
DA:1124,0
DA:1125,0
DA:1127,0
DA:1132,0
DA:1133,0
DA:1136,4
DA:1137,4
LF:473
LH:116
BRDA:155,0,0,0
BRDA:155,0,1,0
BRDA:160,1,0,0
BRDA:177,2,0,0
BRDA:177,2,1,0
BRDA:193,3,0,0
BRDA:193,3,1,0
BRDA:198,4,0,0
BRDA:215,5,0,0
BRDA:215,5,1,0
BRDA:232,6,0,0
BRDA:232,6,1,0
BRDA:237,7,0,0
BRDA:254,8,0,0
BRDA:254,8,1,0
BRDA:269,9,0,0
BRDA:269,9,1,0
BRDA:274,10,0,0
BRDA:291,11,0,0
BRDA:291,11,1,0
BRDA:306,12,0,0
BRDA:306,12,1,0
BRDA:311,13,0,0
BRDA:328,14,0,0
BRDA:328,14,1,0
BRDA:427,15,0,0
BRDA:427,15,1,0
BRDA:432,16,0,0
BRDA:489,17,0,0
BRDA:489,17,1,0
BRDA:522,18,0,0
BRDA:538,19,0,0
BRDA:605,20,0,0
BRDA:620,21,0,0
BRDA:635,22,0,0
BRDA:650,23,0,0
BRDA:671,24,0,0
BRDA:671,24,1,0
BRDA:680,25,0,0
BRDA:706,26,0,0
BRDA:706,26,1,0
BRDA:706,26,2,0
BRDA:706,26,3,0
BRDA:722,27,0,0
BRDA:722,27,1,0
BRDA:724,28,0,0
BRDA:736,29,0,0
BRDA:736,29,1,0
BRDA:736,30,0,0
BRDA:736,30,1,0
BRDA:736,30,2,0
BRDA:736,30,3,0
BRDA:741,31,0,0
BRDA:741,31,1,0
BRDA:741,32,0,0
BRDA:741,32,1,0
BRDA:746,33,0,0
BRDA:746,33,1,0
BRDA:746,34,0,0
BRDA:746,34,1,0
BRDA:751,35,0,0
BRDA:751,35,1,0
BRDA:751,36,0,0
BRDA:751,36,1,0
BRDA:799,37,0,0
BRDA:799,37,1,0
BRDA:799,37,2,0
BRDA:799,37,3,0
BRDA:855,38,0,0
BRDA:855,38,1,0
BRDA:855,38,2,0
BRDA:855,38,3,0
BRDA:910,39,0,0
BRDA:910,39,1,0
BRDA:910,39,2,0
BRDA:910,39,3,0
BRDA:966,40,0,0
BRDA:966,40,1,0
BRDA:966,40,2,0
BRDA:966,40,3,0
BRDA:1000,41,0,0
BRDA:1000,41,1,0
BRDA:1000,42,0,0
BRDA:1000,42,1,0
BRDA:1000,42,2,0
BRDA:1008,43,0,0
BRDA:1009,44,0,0
BRDA:1012,45,0,0
BRDA:1016,46,0,0
BRDA:1017,47,0,0
BRDA:1020,48,0,0
BRDA:1023,49,0,0
BRDA:1026,50,0,0
BRDA:1047,51,0,0
BRDA:1087,52,0,0
BRDA:1087,52,1,0
BRDA:1114,53,0,0
BRDA:1114,53,1,0
BRDA:1124,54,0,0
BRDA:1124,54,1,0
BRF:100
BRH:0
end_of_record
TN:
SF:src\app\add-data-model\add-data-model.component.ts
FN:53,(anonymous_0)
FN:77,(anonymous_1)
FN:91,(anonymous_2)
FN:101,(anonymous_3)
FN:106,(anonymous_4)
FN:111,(anonymous_5)
FN:123,(anonymous_6)
FN:135,(anonymous_7)
FN:157,(anonymous_8)
FN:159,(anonymous_9)
FN:168,(anonymous_10)
FN:176,(anonymous_11)
FN:177,(anonymous_12)
FN:182,(anonymous_13)
FN:195,(anonymous_14)
FN:204,(anonymous_15)
FN:238,(anonymous_16)
FN:246,(anonymous_17)
FN:260,(anonymous_18)
FN:294,(anonymous_19)
FN:302,(anonymous_20)
FN:316,(anonymous_21)
FN:326,(anonymous_22)
FNF:23
FNH:5
FNDA:1,(anonymous_0)
FNDA:1,(anonymous_1)
FNDA:1,(anonymous_2)
FNDA:1,(anonymous_3)
FNDA:0,(anonymous_4)
FNDA:0,(anonymous_5)
FNDA:0,(anonymous_6)
FNDA:0,(anonymous_7)
FNDA:0,(anonymous_8)
FNDA:0,(anonymous_9)
FNDA:0,(anonymous_10)
FNDA:0,(anonymous_11)
FNDA:0,(anonymous_12)
FNDA:0,(anonymous_13)
FNDA:0,(anonymous_14)
FNDA:0,(anonymous_15)
FNDA:0,(anonymous_16)
FNDA:0,(anonymous_17)
FNDA:0,(anonymous_18)
FNDA:0,(anonymous_19)
FNDA:0,(anonymous_20)
FNDA:0,(anonymous_21)
FNDA:1,(anonymous_22)
DA:21,1
DA:22,1
DA:24,1
DA:25,1
DA:30,1
DA:31,1
DA:32,1
DA:33,1
DA:34,1
DA:40,1
DA:41,1
DA:44,1
DA:51,1
DA:54,1
DA:55,1
DA:56,1
DA:57,1
DA:58,1
DA:60,1
DA:67,1
DA:78,1
DA:79,1
DA:81,0
DA:85,1
DA:87,1
DA:89,1
DA:93,1
DA:94,1
DA:95,1
DA:96,1
DA:102,1
DA:103,1
DA:107,0
DA:113,0
DA:114,0
DA:115,0
DA:118,0
DA:125,0
DA:126,0
DA:127,0
DA:130,0
DA:136,0
DA:137,0
DA:138,0
DA:139,0
DA:146,0
DA:147,0
DA:148,0
DA:149,0
DA:150,0
DA:151,0
DA:152,0
DA:158,0
DA:159,0
DA:161,0
DA:162,0
DA:164,0
DA:169,0
DA:170,0
DA:172,0
DA:177,0
DA:178,0
DA:179,0
DA:181,0
DA:182,0
DA:183,0
DA:184,0
DA:185,0
DA:187,0
DA:196,0
DA:197,0
DA:198,0
DA:200,0
DA:205,0
DA:206,0
DA:210,0
DA:212,0
DA:213,0
DA:214,0
DA:215,0
DA:216,0
DA:218,0
DA:224,0
DA:225,0
DA:226,0
DA:227,0
DA:228,0
DA:230,0
DA:231,0
DA:233,0
DA:234,0
DA:235,0
DA:236,0
DA:238,0
DA:239,0
DA:240,0
DA:241,0
DA:245,0
DA:247,0
DA:248,0
DA:249,0
DA:250,0
DA:251,0
DA:255,0
DA:261,0
DA:262,0
DA:266,0
DA:268,0
DA:269,0
DA:270,0
DA:271,0
DA:273,0
DA:278,0
DA:279,0
DA:280,0
DA:281,0
DA:282,0
DA:283,0
DA:284,0
DA:286,0
DA:287,0
DA:289,0
DA:290,0
DA:291,0
DA:292,0
DA:294,0
DA:295,0
DA:296,0
DA:297,0
DA:301,0
DA:303,0
DA:304,0
DA:305,0
DA:306,0
DA:307,0
DA:311,0
DA:317,0
DA:318,0
DA:319,0
DA:320,0
DA:321,0
DA:327,1
DA:328,1
LF:143
LH:33
BRDA:78,0,0,1
BRDA:78,0,1,0
BRDA:93,1,0,1
BRDA:95,2,0,1
BRDA:114,3,0,0
BRDA:114,3,1,0
BRDA:126,4,0,0
BRDA:126,4,1,0
BRDA:138,5,0,0
BRDA:138,5,1,0
BRDA:178,6,0,0
BRDA:178,6,1,0
BRDA:183,7,0,0
BRDA:183,7,1,0
BRDA:196,8,0,0
BRDA:205,9,0,0
BRDA:249,10,0,0
BRDA:249,10,1,0
BRDA:249,10,2,0
BRDA:249,10,3,0
BRDA:261,11,0,0
BRDA:305,12,0,0
BRDA:305,12,1,0
BRDA:305,12,2,0
BRDA:305,12,3,0
BRDA:319,13,0,0
BRF:26
BRH:3
end_of_record
TN:
SF:src\app\add-model\add-model.component.ts
FN:67,(anonymous_0)
FN:102,(anonymous_1)
FN:118,(anonymous_2)
FN:128,(anonymous_3)
FN:134,(anonymous_4)
FN:167,(anonymous_5)
FN:169,(anonymous_6)
FN:178,(anonymous_7)
FN:186,(anonymous_8)
FN:187,(anonymous_9)
FN:192,(anonymous_10)
FN:205,(anonymous_11)
FN:214,(anonymous_12)
FN:219,(anonymous_13)
FN:257,(anonymous_14)
FN:265,(anonymous_15)
FN:279,(anonymous_16)
FN:314,(anonymous_17)
FN:322,(anonymous_18)
FN:336,(anonymous_19)
FN:347,(anonymous_20)
FN:353,(anonymous_21)
FNF:22
FNH:5
FNDA:1,(anonymous_0)
FNDA:1,(anonymous_1)
FNDA:1,(anonymous_2)
FNDA:1,(anonymous_3)
FNDA:0,(anonymous_4)
FNDA:0,(anonymous_5)
FNDA:0,(anonymous_6)
FNDA:0,(anonymous_7)
FNDA:0,(anonymous_8)
FNDA:0,(anonymous_9)
FNDA:0,(anonymous_10)
FNDA:0,(anonymous_11)
FNDA:0,(anonymous_12)
FNDA:0,(anonymous_13)
FNDA:0,(anonymous_14)
FNDA:0,(anonymous_15)
FNDA:0,(anonymous_16)
FNDA:0,(anonymous_17)
FNDA:0,(anonymous_18)
FNDA:0,(anonymous_19)
FNDA:1,(anonymous_20)
FNDA:0,(anonymous_21)
DA:20,1
DA:21,1
DA:25,1
DA:26,1
DA:27,1
DA:28,1
DA:30,1
DA:31,1
DA:32,1
DA:33,1
DA:34,1
DA:35,1
DA:36,1
DA:40,1
DA:45,1
DA:52,1
DA:66,1
DA:68,1
DA:69,1
DA:70,1
DA:71,1
DA:72,1
DA:74,1
DA:86,1
DA:103,1
DA:104,0
DA:106,1
DA:110,1
DA:112,1
DA:114,1
DA:120,1
DA:121,1
DA:122,1
DA:123,1
DA:129,1
DA:130,1
DA:135,0
DA:137,0
DA:138,0
DA:139,0
DA:140,0
DA:141,0
DA:142,0
DA:143,0
DA:145,0
DA:147,0
DA:148,0
DA:149,0
DA:151,0
DA:152,0
DA:153,0
DA:154,0
DA:155,0
DA:159,0
DA:160,0
DA:168,0
DA:169,0
DA:171,0
DA:172,0
DA:174,0
DA:179,0
DA:180,0
DA:182,0
DA:187,0
DA:188,0
DA:189,0
DA:191,0
DA:192,0
DA:193,0
DA:194,0
DA:195,0
DA:197,0
DA:206,0
DA:207,0
DA:208,0
DA:210,0
DA:215,0
DA:220,0
DA:221,0
DA:222,0
DA:223,0
DA:224,0
DA:225,0
DA:226,0
DA:227,0
DA:228,0
DA:229,0
DA:240,0
DA:241,0
DA:242,0
DA:243,0
DA:244,0
DA:246,0
DA:247,0
DA:249,0
DA:250,0
DA:251,0
DA:252,0
DA:253,0
DA:257,0
DA:258,0
DA:259,0
DA:260,0
DA:264,0
DA:266,0
DA:267,0
DA:268,0
DA:269,0
DA:270,0
DA:274,0
DA:280,0
DA:281,0
DA:282,0
DA:283,0
DA:284,0
DA:285,0
DA:286,0
DA:287,0
DA:288,0
DA:297,0
DA:298,0
DA:299,0
DA:300,0
DA:301,0
DA:302,0
DA:304,0
DA:305,0
DA:307,0
DA:308,0
DA:309,0
DA:310,0
DA:311,0
DA:314,0
DA:315,0
DA:316,0
DA:317,0
DA:321,0
DA:323,0
DA:324,0
DA:325,0
DA:326,0
DA:327,0
DA:331,0
DA:337,0
DA:338,0
DA:339,0
DA:340,0
DA:341,0
DA:342,0
DA:348,1
DA:349,1
DA:356,0
LF:152
LH:37
BRDA:103,0,0,0
BRDA:103,0,1,1
BRDA:120,1,0,1
BRDA:122,2,0,1
BRDA:147,3,0,0
BRDA:151,4,0,0
BRDA:151,5,0,0
BRDA:151,5,1,0
BRDA:159,6,0,0
BRDA:188,7,0,0
BRDA:188,7,1,0
BRDA:193,8,0,0
BRDA:193,8,1,0
BRDA:206,9,0,0
BRDA:250,10,0,0
BRDA:268,11,0,0
BRDA:268,11,1,0
BRDA:268,11,2,0
BRDA:268,11,3,0
BRDA:308,12,0,0
BRDA:325,13,0,0
BRDA:325,13,1,0
BRDA:325,13,2,0
BRDA:325,13,3,0
BRDA:340,14,0,0
BRF:25
BRH:3
end_of_record
TN:
SF:src\app\addvector\addvector.component.ts
FN:38,(anonymous_0)
FN:58,(anonymous_1)
FN:74,(anonymous_2)
FN:84,(anonymous_3)
FN:90,(anonymous_4)
FN:95,(anonymous_5)
FN:126,(anonymous_6)
FN:128,(anonymous_7)
FN:135,(anonymous_8)
FN:144,(anonymous_9)
FN:145,(anonymous_10)
FN:150,(anonymous_11)
FN:163,(anonymous_12)
FN:196,(anonymous_13)
FN:213,(anonymous_14)
FN:221,(anonymous_15)
FN:235,(anonymous_16)
FN:252,(anonymous_17)
FN:260,(anonymous_18)
FN:274,(anonymous_19)
FN:279,(anonymous_20)
FNF:21
FNH:5
FNDA:1,(anonymous_0)
FNDA:1,(anonymous_1)
FNDA:1,(anonymous_2)
FNDA:1,(anonymous_3)
FNDA:0,(anonymous_4)
FNDA:0,(anonymous_5)
FNDA:0,(anonymous_6)
FNDA:0,(anonymous_7)
FNDA:0,(anonymous_8)
FNDA:0,(anonymous_9)
FNDA:0,(anonymous_10)
FNDA:0,(anonymous_11)
FNDA:0,(anonymous_12)
FNDA:0,(anonymous_13)
FNDA:0,(anonymous_14)
FNDA:0,(anonymous_15)
FNDA:0,(anonymous_16)
FNDA:0,(anonymous_17)
FNDA:0,(anonymous_18)
FNDA:0,(anonymous_19)
FNDA:1,(anonymous_20)
DA:20,1
DA:21,1
DA:24,1
DA:25,1
DA:26,1
DA:27,1
DA:28,1
DA:29,1
DA:36,1
DA:39,1
DA:40,1
DA:41,1
DA:42,1
DA:43,1
DA:45,1
DA:49,1
DA:59,1
DA:60,0
DA:62,1
DA:66,1
DA:68,1
DA:70,1
DA:76,1
DA:77,1
DA:78,1
DA:79,1
DA:85,1
DA:86,1
DA:91,0
DA:97,0
DA:98,0
DA:99,0
DA:100,0
DA:102,0
DA:103,0
DA:105,0
DA:106,0
DA:107,0
DA:108,0
DA:110,0
DA:111,0
DA:112,0
DA:113,0
DA:114,0
DA:115,0
DA:119,0
DA:127,0
DA:128,0
DA:129,0
DA:131,0
DA:136,0
DA:137,0
DA:138,0
DA:140,0
DA:145,0
DA:146,0
DA:147,0
DA:149,0
DA:150,0
DA:151,0
DA:152,0
DA:153,0
DA:155,0
DA:164,0
DA:165,0
DA:166,0
DA:168,0
DA:197,0
DA:198,0
DA:202,0
DA:204,0
DA:205,0
DA:206,0
DA:207,0
DA:208,0
DA:209,0
DA:210,0
DA:211,0
DA:213,0
DA:214,0
DA:215,0
DA:216,0
DA:220,0
DA:222,0
DA:223,0
DA:224,0
DA:225,0
DA:226,0
DA:230,0
DA:236,0
DA:237,0
DA:241,0
DA:243,0
DA:244,0
DA:245,0
DA:246,0
DA:247,0
DA:248,0
DA:249,0
DA:250,0
DA:252,0
DA:253,0
DA:254,0
DA:255,0
DA:259,0
DA:261,0
DA:262,0
DA:263,0
DA:264,0
DA:265,0
DA:269,0
DA:275,0
DA:280,1
DA:281,1
LF:114
LH:29
BRDA:59,0,0,0
BRDA:59,0,1,1
BRDA:76,1,0,1
BRDA:78,2,0,1
BRDA:106,3,0,0
BRDA:110,4,0,0
BRDA:110,5,0,0
BRDA:110,5,1,0
BRDA:146,6,0,0
BRDA:146,6,1,0
BRDA:151,7,0,0
BRDA:151,7,1,0
BRDA:164,8,0,0
BRDA:197,9,0,0
BRDA:224,10,0,0
BRDA:224,10,1,0
BRDA:224,10,2,0
BRDA:224,10,3,0
BRDA:236,11,0,0
BRDA:263,12,0,0
BRDA:263,12,1,0
BRDA:263,12,2,0
BRDA:263,12,3,0
BRF:23
BRH:3
end_of_record
TN:
SF:src\app\ai-canvas-usecase\ai-canvas-usecase.component.ts
FN:64,(anonymous_0)
FN:76,(anonymous_1)
FN:82,(anonymous_2)
FN:94,(anonymous_3)
FN:104,(anonymous_4)
FN:109,(anonymous_5)
FN:116,(anonymous_6)
FN:141,(anonymous_7)
FN:149,(anonymous_8)
FN:156,(anonymous_9)
FN:166,(anonymous_10)
FN:179,(anonymous_11)
FN:184,(anonymous_12)
FN:204,(anonymous_13)
FN:224,(anonymous_14)
FN:226,(anonymous_15)
FN:227,(anonymous_16)
FN:229,(anonymous_17)
FN:232,(anonymous_18)
FNF:19
FNH:5
FNDA:1,(anonymous_0)
FNDA:0,(anonymous_1)
FNDA:0,(anonymous_2)
FNDA:0,(anonymous_3)
FNDA:0,(anonymous_4)
FNDA:0,(anonymous_5)
FNDA:0,(anonymous_6)
FNDA:0,(anonymous_7)
FNDA:0,(anonymous_8)
FNDA:0,(anonymous_9)
FNDA:0,(anonymous_10)
FNDA:0,(anonymous_11)
FNDA:0,(anonymous_12)
FNDA:0,(anonymous_13)
FNDA:1,(anonymous_14)
FNDA:1,(anonymous_15)
FNDA:1,(anonymous_16)
FNDA:1,(anonymous_17)
FNDA:0,(anonymous_18)
DA:21,1
DA:23,1
DA:24,1
DA:25,1
DA:33,1
DA:34,1
DA:40,1
DA:41,1
DA:42,1
DA:43,1
DA:44,1
DA:45,1
DA:46,1
DA:47,1
DA:50,1
DA:64,1
DA:65,1
DA:66,1
DA:67,1
DA:68,1
DA:77,0
DA:78,0
DA:83,0
DA:84,0
DA:85,0
DA:86,0
DA:88,0
DA:89,0
DA:90,0
DA:96,0
DA:110,0
DA:118,0
DA:120,0
DA:121,0
DA:122,0
DA:124,0
DA:125,0
DA:142,0
DA:143,0
DA:144,0
DA:150,0
DA:151,0
DA:152,0
DA:157,0
DA:158,0
DA:159,0
DA:160,0
DA:162,0
DA:167,0
DA:168,0
DA:169,0
DA:170,0
DA:182,0
DA:183,0
DA:184,0
DA:188,0
DA:205,0
DA:206,0
DA:218,0
DA:225,1
DA:226,1
DA:227,1
DA:228,1
DA:229,1
DA:231,1
DA:232,0
DA:233,0
DA:234,0
LF:68
LH:26
BRDA:118,0,0,0
BRDA:142,1,0,0
BRDA:150,2,0,0
BRDA:158,3,0,0
BRDA:183,4,0,0
BRDA:231,5,0,0
BRF:6
BRH:0
end_of_record
TN:
SF:src\app\ai-models\ai-models.component.ts
FN:16,(anonymous_0)
FNF:1
FNH:1
FNDA:1,(anonymous_0)
DA:15,1
DA:16,1
LF:2
LH:2
BRF:0
BRH:0
end_of_record
TN:
SF:src\app\code-privacy\code-privacy.component.ts
FN:25,(anonymous_0)
FN:56,(anonymous_1)
FN:70,(anonymous_2)
FN:87,(anonymous_3)
FN:103,(anonymous_4)
FN:122,(anonymous_5)
FN:146,(anonymous_6)
FN:148,(anonymous_7)
FN:157,(anonymous_8)
FN:178,(anonymous_9)
FN:191,(anonymous_10)
FN:198,(anonymous_11)
FN:211,(anonymous_12)
FN:216,(anonymous_13)
FN:230,(anonymous_14)
FN:239,(anonymous_15)
FN:253,(anonymous_16)
FN:259,(anonymous_17)
FN:272,(anonymous_18)
FN:285,(anonymous_19)
FN:289,(anonymous_20)
FNF:21
FNH:3
FNDA:1,(anonymous_0)
FNDA:1,(anonymous_1)
FNDA:0,(anonymous_2)
FNDA:0,(anonymous_3)
FNDA:0,(anonymous_4)
FNDA:0,(anonymous_5)
FNDA:0,(anonymous_6)
FNDA:0,(anonymous_7)
FNDA:0,(anonymous_8)
FNDA:0,(anonymous_9)
FNDA:0,(anonymous_10)
FNDA:0,(anonymous_11)
FNDA:0,(anonymous_12)
FNDA:0,(anonymous_13)
FNDA:0,(anonymous_14)
FNDA:0,(anonymous_15)
FNDA:1,(anonymous_16)
FNDA:0,(anonymous_17)
FNDA:0,(anonymous_18)
FNDA:0,(anonymous_19)
[...]
BRDA:257,13,1,0
BRDA:257,13,2,0
BRDA:261,14,0,0
BRDA:261,14,1,0
BRDA:332,15,0,0
BRDA:332,15,1,0
BRDA:334,16,0,0
BRDA:334,16,1,0
BRDA:334,16,2,0
BRDA:342,17,0,0
BRDA:348,18,0,0
BRDA:348,18,1,0
BRDA:368,19,0,0
BRDA:368,19,1,0
BRDA:400,20,0,0
BRDA:409,21,0,0
BRDA:409,21,1,0
BRDA:422,22,0,0
BRDA:422,22,1,0
BRDA:461,23,0,0
BRDA:490,24,0,0
BRDA:497,25,0,0
BRDA:497,25,1,0
BRDA:510,26,0,0
BRDA:510,26,1,0
BRDA:560,27,0,0
BRDA:560,28,0,0
BRDA:560,28,1,0
BRDA:565,29,0,0
BRDA:571,30,0,0
BRDA:582,31,0,0
BRDA:653,32,0,0
BRDA:653,33,0,0
BRDA:653,33,1,0
BRDA:658,34,0,0
BRDA:664,35,0,0
BRDA:674,36,0,0
BRDA:674,36,1,0
BRDA:676,37,0,0
BRDA:676,37,1,0
BRDA:676,38,0,0
BRDA:676,38,1,0
BRDA:678,39,0,0
BRDA:678,39,1,0
BRDA:678,40,0,0
BRDA:678,40,1,0
BRDA:680,41,0,0
BRDA:680,41,1,0
BRDA:680,42,0,0
BRDA:680,42,1,0
BRDA:682,43,0,0
BRDA:682,43,1,0
BRDA:682,44,0,0
BRDA:682,44,1,0
BRDA:684,45,0,0
BRDA:684,45,1,0
BRDA:684,46,0,0
BRDA:684,46,1,0
BRDA:686,47,0,0
BRDA:686,47,1,0
BRDA:686,48,0,0
BRDA:686,48,1,0
BRDA:688,49,0,0
BRDA:688,49,1,0
BRDA:688,50,0,0
BRDA:688,50,1,0
BRDA:690,51,0,0
BRDA:690,51,1,0
BRDA:690,52,0,0
BRDA:690,52,1,0
BRDA:692,53,0,0
BRDA:692,53,1,0
BRDA:692,54,0,0
BRDA:692,54,1,0
BRDA:694,55,0,0
BRDA:694,56,0,0
BRDA:694,56,1,0
BRDA:786,57,0,0
BRDA:812,58,0,0
BRDA:812,58,1,0
BRDA:832,59,0,0
BRDA:865,60,0,0
BRDA:892,61,0,0
BRDA:920,62,0,0
BRF:105
BRH:12
end_of_record
TN:
SF:src\app\fm-moderation\response-comparison\response-comparison.service.ts
FN:17,(anonymous_0)
FN:20,(anonymous_1)
FN:24,(anonymous_2)
FN:39,(anonymous_3)
FN:51,(anonymous_4)
FN:54,(anonymous_5)
FN:57,(anonymous_6)
FN:62,(anonymous_7)
FN:70,(anonymous_8)
FN:73,(anonymous_9)
FN:76,(anonymous_10)
FN:79,(anonymous_11)
FN:82,(anonymous_12)
FN:85,(anonymous_13)
FN:88,(anonymous_14)
FN:91,(anonymous_15)
FN:95,(anonymous_16)
FNF:17
FNH:4
FNDA:1,(anonymous_0)
FNDA:1,(anonymous_1)
FNDA:1,(anonymous_2)
FNDA:1,(anonymous_3)
FNDA:0,(anonymous_4)
FNDA:0,(anonymous_5)
FNDA:0,(anonymous_6)
FNDA:0,(anonymous_7)
FNDA:0,(anonymous_8)
FNDA:0,(anonymous_9)
FNDA:0,(anonymous_10)
FNDA:0,(anonymous_11)
FNDA:0,(anonymous_12)
FNDA:0,(anonymous_13)
FNDA:0,(anonymous_14)
FNDA:0,(anonymous_15)
FNDA:0,(anonymous_16)
DA:14,1
DA:15,1
DA:17,1
DA:21,1
DA:22,1
DA:25,1
DA:26,1
DA:27,1
DA:28,1
DA:29,1
DA:30,1
DA:31,1
DA:32,1
DA:33,1
DA:34,1
DA:35,1
DA:36,1
DA:37,1
DA:41,1
DA:42,1
DA:43,1
DA:44,1
DA:47,1
DA:52,0
DA:55,0
DA:58,0
DA:63,0
DA:71,0
DA:74,0
DA:77,0
DA:80,0
DA:83,0
DA:86,0
DA:89,0
DA:92,0
DA:93,0
DA:96,0
DA:97,0
LF:38
LH:23
BRDA:41,0,0,1
BRDA:43,1,0,1
BRF:2
BRH:2
end_of_record
TN:
SF:src\app\fm-moderation\response-moderation\response-moderation.component.ts
FN:145,(anonymous_0)
FN:97,(anonymous_1)
FN:150,(anonymous_2)
FN:154,(anonymous_3)
FN:175,(anonymous_4)
FN:181,(anonymous_5)
FN:196,(anonymous_6)
FN:202,(anonymous_7)
FNF:8
FNH:5
FNDA:1,(anonymous_0)
FNDA:0,(anonymous_1)
FNDA:1,(anonymous_2)
FNDA:1,(anonymous_3)
FNDA:1,(anonymous_4)
FNDA:0,(anonymous_5)
FNDA:0,(anonymous_6)
FNDA:2,(anonymous_7)
DA:78,1
DA:79,1
DA:92,1
DA:96,1
DA:97,1
DA:98,0
DA:100,1
DA:140,1
DA:145,1
DA:146,1
DA:147,1
DA:151,1
DA:152,1
DA:154,1
DA:155,1
DA:157,0
DA:159,1
DA:162,1
DA:163,0
DA:168,1
DA:176,1
DA:177,1
DA:182,0
DA:183,0
DA:184,0
DA:187,0
DA:190,0
DA:196,0
DA:197,0
DA:203,2
LF:30
LH:20
BRDA:151,0,0,1
BRDA:155,1,0,0
BRDA:155,1,1,1
BRDA:162,2,0,0
BRDA:162,2,1,1
BRDA:182,3,0,0
BRDA:183,4,0,0
BRF:7
BRH:3
end_of_record
TN:
SF:src\app\fm-moderation\response-moderation-hallucination\response-moderation-hallucination.component.ts
FN:40,(anonymous_0)
FN:59,(anonymous_1)
FN:42,(anonymous_2)
FN:64,(anonymous_3)
FNF:4
FNH:2
FNDA:1,(anonymous_0)
FNDA:0,(anonymous_1)
FNDA:1,(anonymous_2)
FNDA:0,(anonymous_3)
DA:17,1
DA:30,1
DA:33,1
DA:35,1
DA:40,1
DA:43,1
DA:44,1
DA:46,1
DA:47,0
DA:52,1
DA:59,1
DA:60,0
DA:65,0
DA:66,0
DA:67,0
DA:70,0
DA:73,0
LF:17
LH:10
BRDA:43,0,0,1
BRDA:43,1,0,1
BRDA:43,1,1,1
BRDA:46,2,0,0
BRDA:46,2,1,1
BRDA:65,3,0,0
BRDA:66,4,0,0
BRF:7
BRH:4
end_of_record
TN:
SF:src\app\fm-moderation\response-moderation\template-based-guardrail-response\template-based-guardrail-response.component.ts
FN:31,(anonymous_0)
FN:35,(anonymous_1)
FN:41,(anonymous_2)
FN:46,(anonymous_3)
FN:53,(anonymous_4)
FN:54,(anonymous_5)
FN:67,(anonymous_6)
FN:69,(anonymous_7)
FN:76,(anonymous_8)
FN:81,(anonymous_9)
FN:82,(anonymous_10)
FN:103,(anonymous_11)
FN:123,(anonymous_12)
FN:138,(anonymous_13)
FN:147,(anonymous_14)
FN:152,(anonymous_15)
FNF:16
FNH:3
FNDA:1,(anonymous_0)
FNDA:1,(anonymous_1)
FNDA:1,(anonymous_2)
FNDA:0,(anonymous_3)
FNDA:0,(anonymous_4)
FNDA:0,(anonymous_5)
FNDA:0,(anonymous_6)
FNDA:0,(anonymous_7)
FNDA:0,(anonymous_8)
FNDA:0,(anonymous_9)
FNDA:0,(anonymous_10)
FNDA:0,(anonymous_11)
FNDA:0,(anonymous_12)
FNDA:0,(anonymous_13)
FNDA:0,(anonymous_14)
FNDA:0,(anonymous_15)
DA:18,1
DA:23,1
DA:26,1
DA:27,1
DA:28,1
DA:29,1
DA:31,1
DA:32,1
DA:33,1
DA:34,1
DA:35,1
DA:36,1
DA:42,1
DA:47,0
DA:48,0
DA:54,0
DA:55,0
DA:56,0
DA:58,0
DA:59,0
DA:60,0
DA:61,0
DA:62,0
DA:63,0
DA:64,0
DA:67,0
DA:68,0
DA:70,0
DA:77,0
DA:82,0
DA:83,0
DA:84,0
DA:85,0
DA:87,0
DA:88,0
DA:91,0
DA:92,0
DA:103,0
DA:104,0
DA:105,0
DA:106,0
DA:107,0
DA:109,0
DA:110,0
DA:111,0
DA:112,0
DA:116,0
DA:117,0
DA:118,0
DA:120,0
DA:121,0
DA:124,0
DA:125,0
DA:126,0
DA:127,0
DA:139,0
DA:148,0
DA:153,0
DA:154,0
LF:59
LH:13
BRDA:47,0,0,0
BRDA:47,1,0,0
BRDA:47,1,1,0
BRDA:61,2,0,0
BRDA:61,2,1,0
BRDA:63,3,0,0
BRDA:77,4,0,0
BRDA:77,4,1,0
BRDA:77,4,2,0
BRDA:83,5,0,0
BRDA:83,6,0,0
BRDA:83,6,1,0
BRDA:84,7,0,0
BRDA:84,7,1,0
BRDA:84,8,0,0
BRDA:84,8,1,0
BRDA:96,9,0,0
BRDA:96,9,1,0
BRDA:97,10,0,0
BRDA:97,10,1,0
BRDA:104,11,0,0
BRDA:117,12,0,0
BRDA:117,13,0,0
BRDA:117,13,1,0
BRF:24
BRH:0
end_of_record
TN:
SF:src\app\fm-moderation\right-side-popup\right-side-popup.component.ts
FN:26,(anonymous_0)
FN:31,(anonymous_1)
FN:36,(anonymous_2)
FN:53,(anonymous_3)
FN:61,(anonymous_4)
FN:73,(anonymous_5)
FN:91,(anonymous_6)
FN:132,(anonymous_7)
FN:136,(anonymous_8)
FN:143,(anonymous_9)
FN:161,(anonymous_10)
FN:164,(anonymous_11)
FN:178,(anonymous_12)
FN:194,(anonymous_13)
FN:197,(anonymous_14)
FN:205,(anonymous_15)
FN:210,(anonymous_16)
FN:224,(anonymous_17)
FN:231,(anonymous_18)
FNF:19
FNH:5
FNDA:1,(anonymous_0)
FNDA:0,(anonymous_1)
FNDA:1,(anonymous_2)
FNDA:1,(anonymous_3)
FNDA:1,(anonymous_4)
FNDA:0,(anonymous_5)
FNDA:0,(anonymous_6)
FNDA:0,(anonymous_7)
FNDA:0,(anonymous_8)
FNDA:0,(anonymous_9)
FNDA:0,(anonymous_10)
FNDA:0,(anonymous_11)
FNDA:0,(anonymous_12)
FNDA:0,(anonymous_13)
FNDA:0,(anonymous_14)
FNDA:0,(anonymous_15)
FNDA:0,(anonymous_16)
FNDA:0,(anonymous_17)
FNDA:1,(anonymous_18)
DA:18,1
DA:19,1
DA:21,1
DA:26,1
DA:27,1
DA:32,0
DA:37,1
DA:38,1
DA:39,1
DA:40,0
DA:41,1
DA:42,0
DA:43,1
DA:44,0
DA:45,1
DA:46,0
DA:47,1
DA:48,0
DA:54,1
DA:55,1
DA:56,1
DA:63,1
DA:64,1
DA:65,1
DA:66,1
DA:69,1
DA:74,0
DA:75,0
DA:77,0
DA:78,0
DA:79,0
DA:80,0
DA:82,0
DA:87,0
DA:92,0
DA:128,0
DA:131,0
DA:133,0
DA:134,0
DA:137,0
DA:145,0
DA:146,0
DA:158,0
DA:160,0
DA:162,0
DA:165,0
DA:169,0
DA:170,0
DA:171,0
DA:179,0
DA:191,0
DA:193,0
DA:195,0
DA:198,0
DA:206,0
DA:209,0
DA:211,0
DA:212,0
DA:213,0
DA:214,0
DA:219,0
DA:221,0
DA:225,0
DA:232,1
DA:233,1
LF:65
LH:22
BRDA:39,0,0,0
BRDA:39,0,1,1
BRDA:41,1,0,0
BRDA:41,1,1,1
BRDA:43,2,0,0
BRDA:43,2,1,1
BRDA:45,3,0,0
BRDA:45,3,1,1
BRDA:47,4,0,0
BRDA:63,5,0,1
BRDA:65,6,0,1
BRDA:77,7,0,0
BRDA:77,7,1,0
BRDA:79,8,0,0
BRDA:79,9,0,0
BRDA:79,9,1,0
BRDA:79,9,2,0
BRDA:80,10,0,0
BRDA:80,10,1,0
BRDA:145,11,0,0
BRDA:145,11,1,0
BRDA:211,12,0,0
BRDA:211,12,1,0
BRF:23
BRH:6
end_of_record
TN:
SF:src\app\home\home.component.ts
FN:33,(anonymous_0)
FN:44,(anonymous_1)
FN:53,(anonymous_2)
FN:66,(anonymous_3)
FN:76,(anonymous_4)
FN:92,(anonymous_5)
FN:104,(anonymous_6)
FN:114,(anonymous_7)
FN:118,(anonymous_8)
FN:127,(anonymous_9)
FN:134,(anonymous_10)
FN:135,(anonymous_11)
FN:137,(anonymous_12)
FN:142,(anonymous_13)
FN:151,(anonymous_14)
FN:163,(anonymous_15)
FN:180,(anonymous_16)
FN:191,(anonymous_17)
FNF:18
FNH:3
FNDA:1,(anonymous_0)
FNDA:0,(anonymous_1)
FNDA:0,(anonymous_2)
FNDA:0,(anonymous_3)
FNDA:0,(anonymous_4)
FNDA:1,(anonymous_5)
FNDA:0,(anonymous_6)
FNDA:0,(anonymous_7)
FNDA:0,(anonymous_8)
FNDA:0,(anonymous_9)
FNDA:0,(anonymous_10)
FNDA:0,(anonymous_11)
FNDA:0,(anonymous_12)
FNDA:0,(anonymous_13)
FNDA:0,(anonymous_14)
FNDA:0,(anonymous_15)
FNDA:0,(anonymous_16)
FNDA:1,(anonymous_17)
DA:22,1
DA:23,1
DA:24,1
DA:25,1
DA:27,1
DA:29,1
DA:34,1
DA:35,1
DA:36,1
DA:37,1
DA:38,1
DA:39,1
DA:40,1
DA:45,0
DA:46,0
DA:47,0
DA:49,0
DA:54,0
DA:55,0
DA:56,0
DA:67,0
DA:68,0
DA:70,0
DA:72,0
DA:77,0
DA:78,0
DA:80,0
DA:93,1
DA:94,0
DA:96,1
DA:97,0
DA:100,1
DA:102,1
DA:103,1
DA:105,0
DA:116,0
DA:117,0
DA:119,0
DA:120,0
DA:121,0
DA:123,0
DA:124,0
DA:128,0
DA:135,0
DA:136,0
DA:138,0
DA:139,0
DA:140,0
DA:143,0
DA:144,0
DA:152,0
DA:153,0
DA:154,0
DA:155,0
DA:157,0
DA:159,0
DA:164,0
DA:165,0
DA:167,0
DA:168,0
DA:169,0
DA:170,0
DA:171,0
DA:172,0
DA:175,0
DA:181,0
DA:182,0
DA:187,0
DA:192,1
DA:193,1
LF:70
LH:20
BRDA:46,0,0,0
BRDA:67,1,0,0
BRDA:67,1,1,0
BRDA:77,2,0,0
BRDA:93,3,0,0
BRDA:93,3,1,1
BRDA:96,4,0,0
BRDA:96,4,1,1
BRDA:120,5,0,0
BRDA:120,5,1,0
BRDA:152,6,0,0
BRDA:152,6,1,0
BRDA:154,7,0,0
BRDA:154,7,1,0
BRDA:167,8,0,0
BRDA:169,9,0,0
BRF:16
BRH:2
end_of_record
TN:
SF:src\app\home\home.service.ts
FN:16,(anonymous_0)
FN:19,(anonymous_1)
FNF:2
FNH:2
FNDA:2,(anonymous_0)
FNDA:1,(anonymous_1)
DA:14,1
DA:16,2
DA:20,1
LF:3
LH:3
BRF:0
BRH:0
end_of_record
TN:
SF:src\app\home-parent\home-parent.component.ts
FN:16,(anonymous_0)
FN:17,(anonymous_1)
FNF:2
FNH:1
FNDA:1,(anonymous_0)
FNDA:0,(anonymous_1)
DA:15,1
DA:16,1
DA:18,0
LF:3
LH:2
BRF:0
BRH:0
end_of_record
TN:
SF:src\app\image\image.service.ts
FN:16,(anonymous_0)
FN:17,(anonymous_1)
FNF:2
FNH:1
FNDA:1,(anonymous_0)
FNDA:0,(anonymous_1)
DA:14,1
DA:16,1
DA:19,0
LF:3
LH:2
BRF:0
BRH:0
end_of_record
TN:
SF:src\app\image-dialog\image-dialog.component.ts
FN:28,(anonymous_0)
FN:55,(anonymous_1)
FNF:2
FNH:1
FNDA:1,(anonymous_0)
FNDA:0,(anonymous_1)
DA:16,1
DA:20,1
DA:21,1
DA:22,1
DA:23,1
DA:24,1
DA:25,1
DA:26,1
DA:28,1
DA:29,1
DA:31,1
DA:32,0
DA:33,0
DA:34,1
DA:35,0
DA:36,1
DA:37,0
DA:38,0
DA:39,1
DA:40,0
DA:41,0
DA:42,1
DA:43,0
DA:44,0
DA:45,1
DA:46,0
DA:47,0
DA:49,1
DA:52,1
DA:56,0
LF:30
LH:18
BRDA:31,0,0,0
BRDA:31,0,1,1
BRDA:31,1,0,1
BRDA:31,1,1,0
BRDA:34,2,0,0
BRDA:34,2,1,1
BRDA:34,3,0,1
BRDA:34,3,1,0
BRDA:36,4,0,0
BRDA:36,4,1,1
BRDA:36,5,0,1
BRDA:36,5,1,0
BRDA:39,6,0,0
BRDA:39,6,1,1
BRDA:39,7,0,1
BRDA:39,7,1,0
BRDA:42,8,0,0
BRDA:42,8,1,1
BRDA:42,9,0,1
BRDA:42,9,1,0
BRDA:45,10,0,0
BRDA:45,10,1,1
BRDA:45,11,0,1
BRDA:45,11,1,0
BRF:24
BRH:12
end_of_record
TN:
SF:src\app\services\fm-moderation.service.ts
FN:65,(anonymous_0)
FN:68,(anonymous_1)
FN:74,(anonymous_2)
FN:106,(anonymous_3)
FN:167,(anonymous_4)
FN:172,(anonymous_5)
FN:177,(anonymous_6)
FN:187,(anonymous_7)
FN:192,(anonymous_8)
FN:197,(anonymous_9)
FN:209,(anonymous_10)
FN:215,(anonymous_11)
FN:222,(anonymous_12)
FN:243,(anonymous_13)
FN:264,(anonymous_14)
FN:269,(anonymous_15)
FN:294,(anonymous_16)
FN:308,(anonymous_17)
FN:315,(anonymous_18)
FN:322,(anonymous_19)
FN:329,(anonymous_20)
FN:336,(anonymous_21)
FN:346,(anonymous_22)
FN:353,(anonymous_23)
FN:362,(anonymous_24)
FN:369,(anonymous_25)
FN:372,(anonymous_26)
FN:382,(anonymous_27)
FN:395,(anonymous_28)
FN:404,(anonymous_29)
FN:406,(anonymous_30)
FN:410,(anonymous_31)
FN:417,(anonymous_32)
FN:424,(anonymous_33)
FN:431,(anonymous_34)
FN:438,(anonymous_35)
FN:447,(anonymous_36)
FN:454,(anonymous_37)
FN:461,(anonymous_38)
FN:468,(anonymous_39)
FN:475,(anonymous_40)
FN:489,(anonymous_41)
FN:498,(anonymous_42)
FN:505,(anonymous_43)
FN:514,(anonymous_44)
FN:523,(anonymous_45)
FN:532,(anonymous_46)
FN:542,(anonymous_47)
FN:544,(anonymous_48)
FN:556,(anonymous_49)
FN:563,(anonymous_50)
FN:570,(anonymous_51)
FN:577,(anonymous_52)
FN:586,(anonymous_53)
FN:609,(anonymous_54)
FN:620,(anonymous_55)
FN:623,(anonymous_56)
FN:628,(anonymous_57)
FNF:58
FNH:2
FNDA:4,(anonymous_0)
FNDA:0,(anonymous_1)
FNDA:0,(anonymous_2)
FNDA:0,(anonymous_3)
FNDA:0,(anonymous_4)
FNDA:0,(anonymous_5)
FNDA:0,(anonymous_6)
FNDA:0,(anonymous_7)
FNDA:2,(anonymous_8)
FNDA:0,(anonymous_9)
FNDA:0,(anonymous_10)
FNDA:0,(anonymous_11)
FNDA:0,(anonymous_12)
FNDA:0,(anonymous_13)
FNDA:0,(anonymous_14)
FNDA:0,(anonymous_15)
FNDA:0,(anonymous_16)
FNDA:0,(anonymous_17)
FNDA:0,(anonymous_18)
FNDA:0,(anonymous_19)
FNDA:0,(anonymous_20)
FNDA:0,(anonymous_21)
FNDA:0,(anonymous_22)
FNDA:0,(anonymous_23)
FNDA:0,(anonymous_24)
FNDA:0,(anonymous_25)
FNDA:0,(anonymous_26)
FNDA:0,(anonymous_27)
FNDA:0,(anonymous_28)
FNDA:0,(anonymous_29)
FNDA:0,(anonymous_30)
FNDA:0,(anonymous_31)
FNDA:0,(anonymous_32)
FNDA:0,(anonymous_33)
FNDA:0,(anonymous_34)
FNDA:0,(anonymous_35)
FNDA:0,(anonymous_36)
FNDA:0,(anonymous_37)
FNDA:0,(anonymous_38)
FNDA:0,(anonymous_39)
FNDA:0,(anonymous_40)
FNDA:0,(anonymous_41)
FNDA:0,(anonymous_42)
FNDA:0,(anonymous_43)
FNDA:0,(anonymous_44)
FNDA:0,(anonymous_45)
FNDA:0,(anonymous_46)
FNDA:0,(anonymous_47)
FNDA:0,(anonymous_48)
FNDA:0,(anonymous_49)
FNDA:0,(anonymous_50)
FNDA:0,(anonymous_51)
FNDA:0,(anonymous_52)
FNDA:0,(anonymous_53)
FNDA:0,(anonymous_54)
FNDA:0,(anonymous_55)
FNDA:0,(anonymous_56)
FNDA:0,(anonymous_57)
DA:44,1
DA:46,4
DA:47,4
DA:49,4
DA:50,4
DA:52,4
DA:61,4
DA:62,4
DA:65,4
DA:69,0
DA:70,0
DA:77,0
DA:78,0
DA:79,0
DA:80,0
DA:83,0
DA:84,0
DA:85,0
DA:86,0
DA:89,0
DA:90,0
DA:91,0
DA:92,0
DA:93,0
DA:96,0
DA:97,0
DA:98,0
DA:99,0
DA:102,0
DA:107,0
DA:108,0
DA:109,0
DA:110,0
DA:111,0
DA:112,0
DA:113,0
DA:114,0
DA:115,0
DA:116,0
DA:117,0
DA:118,0
DA:119,0
DA:120,0
DA:121,0
DA:122,0
DA:123,0
DA:124,0
DA:125,0
DA:126,0
DA:127,0
DA:130,0
DA:131,0
DA:132,0
DA:133,0
DA:136,0
DA:137,0
DA:140,0
DA:142,0
DA:145,0
DA:146,0
DA:147,0
DA:148,0
DA:149,0
DA:151,0
DA:154,0
DA:157,0
DA:160,0
DA:163,0
DA:168,0
DA:173,0
DA:178,0
DA:179,0
DA:180,0
DA:181,0
DA:182,0
DA:183,0
DA:188,0
DA:193,2
DA:198,0
DA:210,0
DA:216,0
DA:217,0
DA:223,0
DA:224,0
DA:225,0
DA:227,0
DA:228,0
DA:229,0
DA:230,0
DA:231,0
DA:232,0
DA:234,0
DA:237,0
DA:238,0
DA:245,0
DA:247,0
DA:249,0
DA:250,0
DA:251,0
DA:264,0
DA:266,0
DA:269,0
DA:271,0
DA:272,0
DA:276,0
DA:277,0
DA:280,0
DA:283,0
DA:284,0
DA:287,0
DA:288,0
DA:295,0
DA:296,0
DA:298,0
DA:300,0
DA:309,0
DA:316,0
DA:323,0
DA:330,0
DA:337,0
DA:338,0
DA:347,0
DA:354,0
DA:363,0
DA:370,0
DA:373,0
DA:374,0
DA:383,0
DA:384,0
DA:385,0
DA:387,0
DA:396,0
DA:405,0
DA:406,0
DA:410,0
DA:418,0
DA:425,0
DA:432,0
DA:439,0
DA:448,0
DA:455,0
DA:462,0
DA:469,0
DA:476,0
DA:477,0
DA:479,0
DA:490,0
DA:499,0
DA:506,0
DA:515,0
DA:524,0
DA:533,0
DA:534,0
DA:535,0
DA:536,0
DA:543,0
DA:544,0
DA:545,0
DA:547,0
DA:548,0
DA:557,0
DA:564,0
DA:571,0
DA:578,0
DA:587,0
DA:589,0
DA:590,0
DA:591,0
DA:592,0
DA:594,0
DA:597,0
DA:610,0
DA:611,0
DA:612,0
DA:614,0
DA:621,0
DA:623,0
DA:624,0
DA:627,0
DA:628,0
DA:629,0
DA:633,0
LF:182
LH:10
BRDA:77,0,0,0
BRDA:79,1,0,0
BRDA:83,2,0,0
BRDA:85,3,0,0
BRDA:89,4,0,0
BRDA:91,5,0,0
BRDA:96,6,0,0
BRDA:98,7,0,0
BRDA:228,8,0,0
BRDA:228,8,1,0
BRDA:231,9,0,0
BRDA:231,9,1,0
BRDA:271,10,0,0
BRDA:276,11,0,0
BRDA:283,12,0,0
BRDA:283,13,0,0
BRDA:283,13,1,0
BRDA:283,13,2,0
BRDA:298,14,0,0
BRDA:298,14,1,0
BRDA:532,15,0,0
BRDA:542,16,0,0
BRDA:589,17,0,0
BRDA:589,17,1,0
BRDA:591,18,0,0
BRDA:591,18,1,0
BRDA:594,19,0,0
BRDA:594,19,1,0
BRDA:594,19,2,0
BRDA:611,20,0,0
BRDA:627,21,0,0
BRF:31
BRH:0
end_of_record
TN:
SF:src\app\services\role-maganer.service.ts
FN:26,(anonymous_0)
FN:39,(anonymous_1)
FN:46,(anonymous_2)
FN:52,(anonymous_3)
FN:57,(anonymous_4)
FN:65,(anonymous_5)
FN:77,(anonymous_6)
FN:89,(anonymous_7)
FN:105,(anonymous_8)
FN:116,(anonymous_9)
FN:117,(anonymous_10)
FN:120,(anonymous_11)
FN:126,(anonymous_12)
FN:133,(anonymous_13)
FN:134,(anonymous_14)
FN:137,(anonymous_15)
FNF:16
FNH:5
FNDA:3,(anonymous_0)
FNDA:3,(anonymous_1)
FNDA:0,(anonymous_2)
FNDA:8,(anonymous_3)
FNDA:6,(anonymous_4)
FNDA:0,(anonymous_5)
FNDA:0,(anonymous_6)
FNDA:0,(anonymous_7)
FNDA:2,(anonymous_8)
FNDA:0,(anonymous_9)
FNDA:0,(anonymous_10)
FNDA:0,(anonymous_11)
FNDA:0,(anonymous_12)
FNDA:0,(anonymous_13)
FNDA:0,(anonymous_14)
FNDA:0,(anonymous_15)
DA:21,1
DA:24,3
DA:26,3
DA:28,3
DA:29,0
DA:30,0
DA:31,0
DA:32,0
DA:34,3
DA:40,3
DA:41,3
DA:42,3
DA:47,0
DA:48,0
DA:53,8
DA:58,6
DA:59,0
DA:61,6
DA:66,0
DA:67,0
DA:68,0
DA:69,0
DA:70,0
DA:73,0
DA:78,0
DA:79,0
DA:80,0
DA:83,0
DA:85,0
DA:90,0
DA:91,0
DA:92,0
DA:93,0
DA:94,0
DA:95,0
DA:96,0
DA:97,0
DA:101,0
DA:107,2
DA:108,0
DA:109,0
DA:110,0
DA:117,0
DA:118,0
DA:122,0
DA:123,0
DA:124,0
DA:127,0
DA:128,0
DA:132,0
DA:134,0
DA:135,0
DA:138,0
DA:139,0
LF:54
LH:12
BRDA:28,0,0,0
BRDA:28,0,1,3
BRDA:42,1,0,0
BRDA:42,1,1,3
BRDA:58,2,0,0
BRDA:66,3,0,0
BRDA:67,4,0,0
BRDA:67,4,1,0
BRDA:67,5,0,0
BRDA:67,5,1,0
BRDA:69,6,0,0
BRDA:79,7,0,0
BRDA:79,8,0,0
BRDA:79,8,1,0
BRDA:79,8,2,0
BRDA:91,9,0,0
BRDA:92,10,0,0
BRDA:92,10,1,0
BRDA:92,11,0,0
BRDA:92,11,1,0
BRDA:94,12,0,0
BRDA:96,13,0,0
BRDA:107,14,0,0
BRDA:109,15,0,0
BRF:24
BRH:2
end_of_record
TN:
SF:src\app\services\shared-data.service.ts
FN:31,(anonymous_0)
FN:34,(anonymous_1)
FN:40,(anonymous_2)
FN:46,(anonymous_3)
FN:54,(anonymous_4)
FNF:5
FNH:1
FNDA:4,(anonymous_0)
FNDA:0,(anonymous_1)
FNDA:0,(anonymous_2)
FNDA:0,(anonymous_3)
FNDA:0,(anonymous_4)
DA:13,1
DA:14,4
DA:15,4
DA:16,4
DA:18,4
DA:19,4
DA:20,4
DA:22,4
DA:26,4
DA:27,4
DA:35,0
DA:36,0
DA:41,0
DA:42,0
DA:48,0
DA:49,0
DA:50,0
DA:55,0
DA:56,0
DA:57,0
DA:61,0
DA:62,0
DA:63,0
LF:23
LH:10
BRF:0
BRH:0
end_of_record
TN:
SF:src\app\services\user-validation.service.ts
FN:15,(anonymous_0)
FN:42,(anonymous_1)
FN:62,(anonymous_2)
FN:79,(anonymous_3)
FN:85,(anonymous_4)
FN:91,(anonymous_5)
FNF:6
FNH:4
FNDA:243,(anonymous_0)
FNDA:252,(anonymous_1)
FNDA:0,(anonymous_2)
FNDA:237,(anonymous_3)
FNDA:195,(anonymous_4)
FNDA:0,(anonymous_5)
DA:12,1
DA:16,243
DA:17,243
DA:19,243
DA:21,243
DA:22,240
DA:23,240
DA:25,0
DA:26,0
DA:30,243
DA:35,44
DA:36,44
DA:40,199
DA:43,252
DA:44,252
DA:46,252
DA:48,252
DA:49,250
DA:50,250
DA:52,1
DA:53,1
DA:57,252
DA:63,0
DA:64,0
DA:65,0
DA:66,0
DA:67,0
DA:68,0
DA:70,0
DA:71,0
DA:74,0
DA:76,0
DA:80,237
DA:81,237
DA:86,195
DA:87,195
DA:92,0
DA:93,0
LF:38
LH:24
BRDA:16,0,0,243
BRDA:16,1,0,243
BRDA:16,1,1,243
BRDA:16,1,2,243
BRDA:21,2,0,240
BRDA:30,3,0,44
BRDA:31,4,0,243
BRDA:31,4,1,240
BRDA:31,4,2,197
BRDA:43,5,0,252
BRDA:43,6,0,252
BRDA:43,6,1,252
BRDA:43,6,2,252
BRDA:48,7,0,250
BRDA:63,8,0,0
BRDA:63,9,0,0
BRDA:63,9,1,0
BRDA:63,9,2,0
BRDA:66,10,0,0
BRF:19
BRH:14
end_of_record
TN:
SF:src\app\terms-and-conditions\terms-and-conditions.component.ts
FN:27,(anonymous_0)
FN:39,(anonymous_1)
FN:44,(anonymous_2)
FN:51,(anonymous_3)
FN:66,(anonymous_4)
FN:73,(anonymous_5)
FN:87,(anonymous_6)
FN:100,(anonymous_7)
FN:109,(anonymous_8)
FN:119,(anonymous_9)
FNF:10
FNH:0
FNDA:0,(anonymous_0)
FNDA:0,(anonymous_1)
FNDA:0,(anonymous_2)
FNDA:0,(anonymous_3)
FNDA:0,(anonymous_4)
FNDA:0,(anonymous_5)
FNDA:0,(anonymous_6)
FNDA:0,(anonymous_7)
FNDA:0,(anonymous_8)
FNDA:0,(anonymous_9)
DA:18,1
DA:19,0
DA:20,0
DA:21,0
DA:22,0
DA:23,0
DA:24,0
DA:28,0
DA:29,0
DA:30,0
DA:31,0
DA:33,0
DA:34,0
DA:35,0
DA:40,0
DA:45,0
DA:46,0
DA:47,0
DA:49,0
DA:50,0
DA:52,0
DA:53,0
DA:54,0
DA:55,0
DA:57,0
DA:58,0
DA:67,0
DA:74,0
DA:75,0
DA:76,0
DA:78,0
DA:88,0
DA:89,0
DA:94,0
DA:101,0
DA:102,0
DA:107,0
DA:110,0
DA:111,0
DA:120,0
DA:121,0
LF:41
LH:1
BRDA:53,0,0,0
BRDA:53,0,1,0
BRDA:75,1,0,0
BRDA:75,1,1,0
BRF:4
BRH:0
end_of_record
TN:
SF:src\app\use-case-parent\use-case-service.service.ts
FN:15,(anonymous_0)
FN:21,(anonymous_1)
FN:29,(anonymous_2)
FN:37,(anonymous_3)
FN:45,(anonymous_4)
FN:53,(anonymous_5)
FN:60,(anonymous_6)
FN:67,(anonymous_7)
FN:75,(anonymous_8)
FNF:9
FNH:1
FNDA:1,(anonymous_0)
FNDA:0,(anonymous_1)
FNDA:0,(anonymous_2)
FNDA:0,(anonymous_3)
FNDA:0,(anonymous_4)
FNDA:0,(anonymous_5)
FNDA:0,(anonymous_6)
FNDA:0,(anonymous_7)
FNDA:0,(anonymous_8)
DA:13,1
DA:17,1
DA:18,1
DA:22,0
DA:25,1
DA:26,1
DA:30,0
DA:34,1
DA:35,1
DA:38,0
DA:39,0
DA:42,1
DA:43,1
DA:46,0
DA:47,0
DA:50,1
DA:51,1
DA:54,0
DA:57,1
DA:58,1
DA:61,0
DA:64,1
DA:65,1
DA:68,0
DA:72,1
DA:73,1
DA:76,0
LF:27
LH:17
BRF:0
BRH:0
end_of_record
TN:
SF:src\environments\environment.ts
FNF:0
FNH:0
DA:11,1
DA:12,1
DA:14,1
LF:3
LH:3
BRF:0
BRH:0
end_of_record
